
{"schema_version":1,"timestamp":"2026-07-06T13:27:39+05:30","cwd":"{PRODUCT_ROOT}","command":"python3 scripts/kg/lookup.py F0032","exit_code":0,"artifacts":[],"redactions":[]}
{"schema_version":1,"timestamp":"2026-07-06T13:27:43+05:30","cwd":"nebula-agents","command":"sed -n '1,260p' agents/actions/feature.md","exit_code":0,"artifacts":[],"redactions":[]}
{"schema_version":1,"timestamp":"2026-07-06T13:27:47+05:30","cwd":"{PRODUCT_ROOT}","command":"sed -n '1,320p' planning-mds/features/F0032-admin-configuration-and-reference-data-console/ARCHITECTURE.md","exit_code":0,"artifacts":[],"redactions":[]}
{"schema_version":1,"timestamp":"2026-07-06T13:27:51+05:30","cwd":"{PRODUCT_ROOT}","command":"sed -n '1,320p' engine/src/Nebula.Infrastructure/Persistence/AppDbContext.cs","exit_code":0,"artifacts":[],"redactions":[]}
{"schema_version":1,"timestamp":"2026-07-06T13:28:17+05:30","cwd":"nebula-agents","command":"python3 agents/product-manager/scripts/validate-feature-evidence.py --product-root /Users/wallstreet123/Desktop/nebula-workspace-2/nebula-insurance-crm --feature F0032 --run-id 2026-07-06-f0ef8526 --stage G0","exit_code":1,"artifacts":[],"redactions":[]}
{"schema_version":1,"timestamp":"2026-07-06T13:28:30+05:30","cwd":"nebula-agents","command":"python3 agents/product-manager/scripts/validate-feature-evidence.py --product-root /Users/wallstreet123/Desktop/nebula-workspace-2/nebula-insurance-crm --feature F0032 --run-id 2026-07-06-f0ef8526 --stage G0","exit_code":0,"artifacts":["planning-mds/operations/evidence/runs/2026-07-06-f0ef8526/g0-assembly-plan-validation.md"],"redactions":[]}
{"schema_version":1,"timestamp":"2026-07-06T13:28:55+05:30","cwd":"{PRODUCT_ROOT}","command":"git diff --check","exit_code":0,"artifacts":[],"redactions":[]}
{"schema_version":1,"timestamp":"2026-07-06T13:39:48+05:30","cwd":"{PRODUCT_ROOT}","command":"dotnet --info","exit_code":0,"artifacts":[],"redactions":[]}
{"schema_version":1,"timestamp":"2026-07-06T13:39:53+05:30","cwd":"{PRODUCT_ROOT}","command":"pnpm --dir experience --version","exit_code":127,"artifacts":[],"redactions":[]}
{"schema_version":1,"timestamp":"2026-07-06T13:39:57+05:30","cwd":"{PRODUCT_ROOT}","command":"corepack pnpm --dir experience --version","exit_code":0,"artifacts":[],"redactions":[]}
{"schema_version":1,"timestamp":"2026-07-06T13:40:03+05:30","cwd":"{PRODUCT_ROOT}","command":"dotnet build engine/src/Nebula.Api/Nebula.Api.csproj --no-restore","exit_code":1,"artifacts":[],"redactions":[]}
{"schema_version":1,"timestamp":"2026-07-06T13:40:08+05:30","cwd":"{PRODUCT_ROOT}","command":"dotnet build engine/tests/Nebula.Tests/Nebula.Tests.csproj --no-restore","exit_code":1,"artifacts":[],"redactions":[]}
{"schema_version":1,"timestamp":"2026-07-06T13:40:13+05:30","cwd":"{PRODUCT_ROOT}","command":"dotnet build engine/src/Nebula.Api/Nebula.Api.csproj --no-restore --disable-build-servers","exit_code":1,"artifacts":[],"redactions":[]}
{"schema_version":1,"timestamp":"2026-07-06T13:40:34+05:30","cwd":"{PRODUCT_ROOT}","command":"dotnet build engine/tests/Nebula.Tests/Nebula.Tests.csproj --no-restore --disable-build-servers","exit_code":1,"artifacts":[],"redactions":[]}
{"schema_version":1,"timestamp":"2026-07-06T13:40:41+05:30","cwd":"{PRODUCT_ROOT}","command":"corepack pnpm --dir experience build","exit_code":0,"artifacts":[],"redactions":[]}
{"schema_version":1,"timestamp":"2026-07-06T13:41:29+05:30","cwd":"nebula-agents","command":"python3 agents/product-manager/scripts/validate-feature-evidence.py --product-root /Users/wallstreet123/Desktop/nebula-workspace-2/nebula-insurance-crm --feature F0032 --run-id 2026-07-06-f0ef8526 --stage G0","exit_code":0,"artifacts":["planning-mds/operations/evidence/runs/2026-07-06-f0ef8526/g0-assembly-plan-validation.md","planning-mds/operations/evidence/runs/2026-07-06-f0ef8526/g1-runtime-preflight.md"],"redactions":[]}
{"schema_version":1,"timestamp":"2026-07-06T13:41:34+05:30","cwd":"{PRODUCT_ROOT}","command":"git diff --check","exit_code":0,"artifacts":[],"redactions":[]}
{"schema_version":1,"timestamp":"2026-07-06T13:49:39+05:30","cwd":"{PRODUCT_ROOT}","command":"dotnet restore engine/src/Nebula.Api/Nebula.Api.csproj --disable-parallel -v:minimal","exit_code":0,"artifacts":[],"redactions":[]}
{"schema_version":1,"timestamp":"2026-07-06T13:49:44+05:30","cwd":"{PRODUCT_ROOT}","command":"dotnet build engine/src/Nebula.Api/Nebula.Api.csproj --no-restore --disable-build-servers -v:minimal","exit_code":0,"artifacts":[],"redactions":[]}
{"schema_version":1,"timestamp":"2026-07-06T13:49:50+05:30","cwd":"{PRODUCT_ROOT}","command":"dotnet build engine/tests/Nebula.Tests/Nebula.Tests.csproj --no-restore --disable-build-servers -v:minimal","exit_code":0,"artifacts":[],"redactions":[]}
{"schema_version":1,"timestamp":"2026-07-06T13:50:34+05:30","cwd":"nebula-agents","command":"python3 agents/product-manager/scripts/validate-feature-evidence.py --product-root /Users/wallstreet123/Desktop/nebula-workspace-2/nebula-insurance-crm --feature F0032 --run-id 2026-07-06-f0ef8526 --stage G1","exit_code":0,"artifacts":["planning-mds/operations/evidence/runs/2026-07-06-f0ef8526/g1-runtime-preflight.md"],"redactions":[]}
{"schema_version":1,"timestamp":"2026-07-06T13:56:21+05:30","cwd":"{PRODUCT_ROOT}","command":"dotnet build engine/src/Nebula.Api/Nebula.Api.csproj --no-restore --disable-build-servers -v:minimal","exit_code":1,"artifacts":[],"redactions":[]}
{"schema_version":1,"timestamp":"2026-07-06T13:56:30+05:30","cwd":"{PRODUCT_ROOT}","command":"dotnet build engine/src/Nebula.Api/Nebula.Api.csproj --no-restore --disable-build-servers -v:minimal","exit_code":0,"artifacts":[],"redactions":[]}
{"schema_version":1,"timestamp":"2026-07-06T14:24:46+05:30","cwd":"{PRODUCT_ROOT}","command":"corepack pnpm --dir experience build","exit_code":0,"artifacts":[],"redactions":[]}
{"schema_version":1,"timestamp":"2026-07-06T14:24:51+05:30","cwd":"{PRODUCT_ROOT}","command":"dotnet build engine/tests/Nebula.Tests/Nebula.Tests.csproj --no-restore --disable-build-servers -v:minimal","exit_code":0,"artifacts":[],"redactions":[]}
{"schema_version":1,"timestamp":"2026-07-06T14:24:58+05:30","cwd":"{PRODUCT_ROOT}","command":"dotnet test engine/tests/Nebula.Tests/Nebula.Tests.csproj --no-build --filter FullyQualifiedName~SmokeTests --logger console;verbosity=minimal","exit_code":0,"artifacts":[],"redactions":[]}
{"schema_version":1,"timestamp":"2026-07-06T14:26:30+05:30","cwd":"nebula-agents","command":"python3 agents/product-manager/scripts/validate-feature-evidence.py --product-root /Users/wallstreet123/Desktop/nebula-workspace-2/nebula-insurance-crm --feature F0032 --run-id 2026-07-06-f0ef8526 --stage G3","exit_code":0,"artifacts":["planning-mds/operations/evidence/runs/2026-07-06-f0ef8526/code-review-report.md","planning-mds/operations/evidence/runs/2026-07-06-f0ef8526/security-review-report.md"],"redactions":[]}
{"schema_version":1,"timestamp":"2026-07-06T14:26:36+05:30","cwd":"{PRODUCT_ROOT}","command":"python3 -m json.tool planning-mds/operations/evidence/runs/2026-07-06-f0ef8526/evidence-manifest.json","exit_code":0,"artifacts":[],"redactions":[]}
{"schema_version":1,"timestamp":"2026-07-06T14:29:10+05:30","cwd":"nebula-agents","command":"python3 agents/product-manager/scripts/validate-feature-evidence.py --product-root /Users/wallstreet123/Desktop/nebula-workspace-2/nebula-insurance-crm --feature F0032 --run-id 2026-07-06-f0ef8526 --stage G5","exit_code":0,"artifacts":["planning-mds/operations/evidence/runs/2026-07-06-f0ef8526/signoff-ledger.md"],"redactions":[]}
{"schema_version":1,"timestamp":"2026-07-06T14:29:40+05:30","cwd":"nebula-agents","command":"python3 agents/product-manager/scripts/validate-feature-evidence.py --product-root /Users/wallstreet123/Desktop/nebula-workspace-2/nebula-insurance-crm --feature F0032 --run-id 2026-07-06-f0ef8526 --stage G6","exit_code":0,"artifacts":["planning-mds/operations/evidence/runs/2026-07-06-f0ef8526/feature-action-execution.md"],"redactions":[]}
{"schema_version":1,"timestamp":"2026-07-06T14:30:42+05:30","cwd":"{PRODUCT_ROOT}","command":"python3 scripts/kg/validate.py --regenerate-symbols","exit_code":0,"artifacts":["planning-mds/knowledge-graph/symbol-index.yaml"],"redactions":[]}
{"schema_version":1,"timestamp":"2026-07-06T14:30:47+05:30","cwd":"{PRODUCT_ROOT}","command":"python3 scripts/kg/validate.py --check-symbols","exit_code":0,"artifacts":["planning-mds/knowledge-graph/symbol-index.yaml"],"redactions":[]}
{"schema_version":1,"timestamp":"2026-07-06T14:30:53+05:30","cwd":"{PRODUCT_ROOT}","command":"python3 scripts/kg/validate.py --regenerate-decisions","exit_code":0,"artifacts":["planning-mds/knowledge-graph/decisions-index.yaml"],"redactions":[]}
{"schema_version":1,"timestamp":"2026-07-06T14:30:58+05:30","cwd":"{PRODUCT_ROOT}","command":"python3 scripts/kg/validate.py --check-decisions","exit_code":0,"artifacts":["planning-mds/knowledge-graph/decisions-index.yaml"],"redactions":[]}
{"schema_version":1,"timestamp":"2026-07-06T14:31:06+05:30","cwd":"{PRODUCT_ROOT}","command":"python3 scripts/kg/validate.py --write-coverage-report","exit_code":0,"artifacts":["planning-mds/knowledge-graph/coverage-report.yaml"],"redactions":[]}
{"schema_version":1,"timestamp":"2026-07-06T14:31:11+05:30","cwd":"{PRODUCT_ROOT}","command":"python3 scripts/kg/validate.py --check-drift","exit_code":0,"artifacts":["planning-mds/knowledge-graph/coverage-report.yaml"],"redactions":[]}
{"schema_version":1,"timestamp":"2026-07-06T14:31:50+05:30","cwd":"{PRODUCT_ROOT}","command":"python3 scripts/kg/validate.py --check-drift","exit_code":0,"artifacts":["planning-mds/knowledge-graph/code-index.yaml"],"redactions":[]}
{"schema_version":1,"timestamp":"2026-07-06T14:36:06+05:30","cwd":"{PRODUCT_ROOT}","command":"python3 ../nebula-agents/agents/product-manager/scripts/validate-feature-evidence.py --product-root /Users/wallstreet123/Desktop/nebula-workspace-2/nebula-insurance-crm --feature F0032 --run-id 2026-07-06-f0ef8526 --stage G8","exit_code":0,"artifacts":["planning-mds/operations/evidence/runs/2026-07-06-f0ef8526/pm-closeout.md","planning-mds/operations/evidence/runs/2026-07-06-f0ef8526/evidence-manifest.json"],"redactions":[]}
{"schema_version":1,"timestamp":"2026-07-06T14:36:06+05:30","cwd":"{PRODUCT_ROOT}","command":"python3 ../nebula-agents/agents/product-manager/scripts/validate-trackers.py --product-root /Users/wallstreet123/Desktop/nebula-workspace-2/nebula-insurance-crm --feature F0032 --run-id 2026-07-06-f0ef8526","exit_code":0,"artifacts":["planning-mds/operations/evidence/runs/2026-07-06-f0ef8526/lifecycle-gates.log"],"redactions":[]}
{"schema_version":1,"timestamp":"2026-07-06T14:36:31+05:30","cwd":"{PRODUCT_ROOT}","command":"python3 ../nebula-agents/agents/product-manager/scripts/validate-feature-evidence.py --product-root /Users/wallstreet123/Desktop/nebula-workspace-2/nebula-insurance-crm --feature F0032 --run-id 2026-07-06-f0ef8526 --stage closeout","exit_code":0,"artifacts":["planning-mds/operations/evidence/runs/2026-07-06-f0ef8526/evidence-manifest.json"],"redactions":[]}
{"schema_version":1,"timestamp":"2026-07-06T14:36:31+05:30","cwd":"{PRODUCT_ROOT}","command":"git diff --check","exit_code":0,"artifacts":[],"redactions":[]}
{"schema_version":1,"timestamp":"2026-07-06T15:23:37+05:30","cwd":"{PRODUCT_ROOT}","command":"dotnet build engine/src/Nebula.Api/Nebula.Api.csproj --no-restore --disable-build-servers -v:minimal","exit_code":0,"artifacts":[],"redactions":[]}
{"schema_version":1,"timestamp":"2026-07-06T15:23:38+05:30","cwd":"{PRODUCT_ROOT}","command":"corepack pnpm --dir experience build","exit_code":0,"artifacts":[],"redactions":[]}
{"schema_version":1,"timestamp":"2026-07-06T15:23:38+05:30","cwd":"{PRODUCT_ROOT}","command":"corepack pnpm --dir experience exec vitest run src/features/admin-configuration/components/AdminConfigurationWorkspace.test.tsx","exit_code":0,"artifacts":[],"redactions":[]}
{"schema_version":1,"timestamp":"2026-07-06T15:23:38+05:30","cwd":"{PRODUCT_ROOT}","command":"dotnet test engine/tests/Nebula.Tests/Nebula.Tests.csproj --no-restore --filter FullyQualifiedName~AdminConfigurationEndpointTests --logger console;verbosity=minimal","exit_code":0,"artifacts":[],"redactions":[]}
{"schema_version":1,"timestamp":"2026-07-06T15:23:56+05:30","cwd":"{PRODUCT_ROOT}","command":"python3 ../nebula-agents/agents/product-manager/scripts/validate-feature-evidence.py --product-root /Users/wallstreet123/Desktop/nebula-workspace-2/nebula-insurance-crm --feature F0032 --run-id 2026-07-06-f0ef8526 --stage closeout","exit_code":0,"artifacts":["planning-mds/operations/evidence/runs/2026-07-06-f0ef8526/evidence-manifest.json"],"redactions":[]}
{"schema_version":1,"timestamp":"2026-07-06T15:23:56+05:30","cwd":"{PRODUCT_ROOT}","command":"python3 ../nebula-agents/agents/product-manager/scripts/validate-trackers.py --product-root /Users/wallstreet123/Desktop/nebula-workspace-2/nebula-insurance-crm --feature F0032 --run-id 2026-07-06-f0ef8526","exit_code":0,"artifacts":["planning-mds/operations/evidence/runs/2026-07-06-f0ef8526/lifecycle-gates.log"],"redactions":[]}
{"schema_version":1,"timestamp":"2026-07-06T15:25:37+05:30","cwd":"{PRODUCT_ROOT}","command":"corepack pnpm --dir experience exec node --input-type=module -e <playwright-live-ui-check>","exit_code":0,"artifacts":[],"redactions":[]}
{"schema_version":1,"timestamp":"2026-07-06T15:25:37+05:30","cwd":"{PRODUCT_ROOT}","command":"corepack pnpm --dir experience exec node --input-type=module -e <playwright-authenticated-admin-api-check>","exit_code":0,"artifacts":[],"redactions":[]}
{"schema_version":1,"timestamp":"2026-07-06T15:25:37+05:30","cwd":"{PRODUCT_ROOT}","command":"curl -i http://127.0.0.1:5173/admin/configuration-domains","exit_code":0,"artifacts":[],"redactions":[]}
{"schema_version":1,"timestamp":"2026-07-06T15:25:37+05:30","cwd":"{PRODUCT_ROOT}","command":"curl -i http://localhost:5113/healthz","exit_code":0,"artifacts":[],"redactions":[]}
{"schema_version":1,"timestamp":"2026-07-06T18:56:55+05:30","cwd":"{PRODUCT_ROOT}","command":"docker compose up -d db","exit_code":0,"artifacts":[],"redactions":[]}
{"schema_version":1,"timestamp":"2026-07-06T18:56:55+05:30","cwd":"{PRODUCT_ROOT}","command":"dotnet run --project engine/src/Nebula.Api/Nebula.Api.csproj --launch-profile http","exit_code":134,"artifacts":[],"redactions":[]}
{"schema_version":1,"timestamp":"2026-07-06T18:56:55+05:30","cwd":"{PRODUCT_ROOT}","command":"env VITE_AUTH_MODE=dev corepack pnpm --dir experience dev --host 127.0.0.1 --port 5173","exit_code":0,"artifacts":[],"redactions":[]}
{"schema_version":1,"timestamp":"2026-07-06T18:56:55+05:30","cwd":"{PRODUCT_ROOT}","command":"curl -i http://localhost:5113/healthz","exit_code":0,"artifacts":[],"redactions":[]}
{"schema_version":1,"timestamp":"2026-07-06T18:57:11+05:30","cwd":"{PRODUCT_ROOT}","command":"curl -i http://127.0.0.1:5174/admin/configuration-domains","exit_code":0,"artifacts":[],"redactions":[]}
{"schema_version":1,"timestamp":"2026-07-06T18:57:11+05:30","cwd":"{PRODUCT_ROOT}","command":"F0032_E2E_BASE_URL=http://127.0.0.1:5174 node planning-mds/operations/evidence/runs/2026-07-06-f0ef8526/e2e-admin-configuration.mjs","exit_code":0,"artifacts":["planning-mds/operations/evidence/runs/2026-07-06-f0ef8526/e2e-admin-configuration.mjs","planning-mds/operations/evidence/runs/2026-07-06-f0ef8526/e2e-test-execution.md"],"redactions":[]}
{"schema_version":1,"timestamp":"2026-07-06T18:57:11+05:30","cwd":"{PRODUCT_ROOT}","command":"F0032_E2E_BASE_URL=http://127.0.0.1:5174 node planning-mds/operations/evidence/runs/2026-07-06-f0ef8526/e2e-admin-configuration.mjs","exit_code":1,"artifacts":["planning-mds/operations/evidence/runs/2026-07-06-f0ef8526/e2e-admin-configuration.mjs"],"redactions":[]}
{"schema_version":1,"timestamp":"2026-07-06T18:57:11+05:30","cwd":"{PRODUCT_ROOT}","command":"corepack pnpm --dir experience exec node --input-type=module -e <playwright-ui-check>","exit_code":0,"artifacts":["planning-mds/operations/evidence/runs/2026-07-06-f0ef8526/e2e-test-execution.md"],"redactions":[]}
{"schema_version":1,"timestamp":"2026-07-06T18:57:23+05:30","cwd":"{PRODUCT_ROOT}","command":"corepack pnpm --dir experience exec vitest run src/features/admin-configuration/components/AdminConfigurationWorkspace.test.tsx","exit_code":0,"artifacts":[],"redactions":[]}
{"schema_version":1,"timestamp":"2026-07-06T18:57:23+05:30","cwd":"{PRODUCT_ROOT}","command":"corepack pnpm --dir experience build","exit_code":0,"artifacts":[],"redactions":[]}
{"schema_version":1,"timestamp":"2026-07-06T18:57:23+05:30","cwd":"{PRODUCT_ROOT}","command":"dotnet build engine/src/Nebula.Api/Nebula.Api.csproj --no-restore --disable-build-servers -v:minimal","exit_code":0,"artifacts":[],"redactions":[]}
{"schema_version":1,"timestamp":"2026-07-06T18:57:23+05:30","cwd":"{PRODUCT_ROOT}","command":"dotnet test engine/tests/Nebula.Tests/Nebula.Tests.csproj --no-restore --filter FullyQualifiedName~AdminConfigurationEndpointTests --logger console;verbosity=minimal","exit_code":0,"artifacts":[],"redactions":[]}
{"schema_version":1,"timestamp":"2026-07-06T18:57:53+05:30","cwd":"{PRODUCT_ROOT}","command":"python3 -m json.tool planning-mds/operations/evidence/runs/2026-07-06-f0ef8526/evidence-manifest.json","exit_code":0,"artifacts":["planning-mds/operations/evidence/runs/2026-07-06-f0ef8526/evidence-manifest.json"],"redactions":[]}
{"schema_version":1,"timestamp":"2026-07-06T18:57:53+05:30","cwd":"{PRODUCT_ROOT}","command":"python3 ../nebula-agents/agents/product-manager/scripts/validate-feature-evidence.py --product-root /Users/wallstreet123/Desktop/nebula-workspace-2/nebula-insurance-crm --feature F0032 --run-id 2026-07-06-f0ef8526 --stage closeout","exit_code":0,"artifacts":["planning-mds/operations/evidence/runs/2026-07-06-f0ef8526/evidence-manifest.json"],"redactions":[]}
{"schema_version":1,"timestamp":"2026-07-06T18:57:54+05:30","cwd":"{PRODUCT_ROOT}","command":"git diff --check","exit_code":0,"artifacts":[],"redactions":[]}
{"schema_version":1,"timestamp":"2026-07-06T18:57:54+05:30","cwd":"{PRODUCT_ROOT}","command":"python3 ../nebula-agents/agents/product-manager/scripts/validate-trackers.py --product-root /Users/wallstreet123/Desktop/nebula-workspace-2/nebula-insurance-crm --feature F0032 --run-id 2026-07-06-f0ef8526","exit_code":0,"artifacts":["planning-mds/operations/evidence/runs/2026-07-06-f0ef8526/lifecycle-gates.log"],"redactions":[]}
