# Lifecycle Gate Run

## Command

`python3 agents/product-manager/scripts/validate-feature-evidence.py --product-root /Users/wallstreet123/Desktop/nebula-workspace-2/nebula-insurance-crm --feature F0032 --run-id 2026-07-06-f0ef8526 --stage G0`

## Stage

G0

## Exit Code

0

## Result

PASS

## Output References

- `g0-assembly-plan-validation.md`

## Skipped Gates

- G1-G8 are not yet due.

# Lifecycle Gate Run

## Command

G1 runtime preflight commands recorded in `commands.log`: `dotnet --info`, `pnpm --dir experience --version`, `corepack pnpm --dir experience --version`, backend API/test builds with and without `--disable-build-servers`, and `corepack pnpm --dir experience build`.

## Stage

G1

## Exit Code

0

## Result

PASS

## Output References

- `g1-runtime-preflight.md`
- `commands.log`

## Skipped Gates

- G2-G8 are not due until implementation and review evidence are complete.

# Lifecycle Gate Run

## Command

`python3 agents/product-manager/scripts/validate-trackers.py --product-root /Users/wallstreet123/Desktop/nebula-workspace-2/nebula-insurance-crm --feature F0032 --run-id 2026-07-06-f0ef8526`

## Stage

G8 tracker-sync

## Exit Code

0

## Result

PASS

## Output References

- `planning-mds/features/ROADMAP.md`
- `planning-mds/features/REGISTRY.md`
- `planning-mds/features/STORY-INDEX.md`

# Lifecycle Gate Run

## Command

`python3 agents/product-manager/scripts/validate-feature-evidence.py --product-root /Users/wallstreet123/Desktop/nebula-workspace-2/nebula-insurance-crm --feature F0032 --run-id 2026-07-06-f0ef8526 --stage G8`

## Stage

G8

## Exit Code

0

## Result

PASS

## Output References

- `pm-closeout.md`
- `evidence-manifest.json`
- `latest-run.json`
