# Lifecycle Gates Log - F0008 Standalone Test Run 2026-07-03-fbe8a385

## Lifecycle Gate Run

### T0 Test Plan

Command: test-plan.md authored
Stage: T0
Exit Code: 0
Result: PASS
Output References: test-plan.md
Skipped Gates: -

## Command

Recorded per invocation above.

## Stage

Recorded per invocation above.

## Exit Code

Recorded per invocation above.

## Result

Recorded per invocation above.

## Output References

Recorded per invocation above.

## Skipped Gates

None.

### T1 Test Execution

Command: Docker image rebuild, backend test rerun, frontend component test/build, isolated API smoke
Stage: T1
Exit Code: 0 after repair
Result: PASS_AFTER_REPAIR
Output References: test-execution-report.md; artifacts/test-results; artifacts/runtime
Skipped Gates: -

### T2 Coverage

Command: dotnet test --collect "XPlat Code Coverage"; frontend coverage waiver recorded
Stage: T2
Exit Code: 0
Result: PASS_WITH_WAIVER
Output References: coverage-report.md; artifacts/test-results/*/coverage.cobertura.xml
Skipped Gates: frontend coverage collection waived

### T3 Evidence Review

Command: evidence package self-review
Stage: T3
Exit Code: 0
Result: PASS
Output References: artifact-trace.md; commands.log
Skipped Gates: -

### T4 Quality Gate

Command: test quality gate evaluation
Stage: T4
Exit Code: 0
Result: PASS
Output References: test-execution-report.md
Skipped Gates: -

### T5 Package Close

Command: standalone test package completion
Stage: T5
Exit Code: 0
Result: PASS
Output References: README.md; evidence-manifest.json
Skipped Gates: -
