# Lifecycle Gate Run

## Command

| Timestamp | Stage | Command | Exit Code | Result | Output References | Skipped Gates |
| --- | --- | --- | --- | --- | --- | --- |
| 2026-05-24T21:30:11-04:00 | G4.6 | `python3 agents/product-manager/scripts/validate-feature-evidence.py --product-root /mnt/c/Users/gajap/sandbox/nebula/nebula-insurance-crm --feature F0035 --run-id 2026-05-24-c92b16b6 --stage G4.6` | 0 | PASS | `commands.log`; `feature-action-execution.md`; `evidence-manifest.json` | PM closeout and tracker sync deferred to G4.7 |
| 2026-05-24T21:30:21-04:00 | G4.6 | `python3 agents/product-manager/scripts/validate-trackers.py --feature F0035 --run-id 2026-05-24-c92b16b6` | 0 | PASS | `commands.log`; tracker validator summary: errors 0, warnings 0 | PM closeout deferred to G4.7 |
| 2026-05-24T21:42:39-04:00 | G4.7 | `python3 agents/product-manager/scripts/validate-trackers.py --feature F0035 --run-id 2026-05-24-c92b16b6` | 1 | REWORK | `commands.log`; evidence-format errors listed in command output | Fixed evidence headings, role matrix heading, artifact references, and missing artifact files |
| 2026-05-24T21:44:49-04:00 | G4.7 | `python3 agents/product-manager/scripts/validate-trackers.py --feature F0035 --run-id 2026-05-24-c92b16b6` | 0 | PASS | `commands.log`; tracker validator summary: errors 0, warnings 0 | None |
| 2026-05-24T21:44:55-04:00 | G4.7 | `python3 agents/product-manager/scripts/generate-story-index.py /mnt/c/Users/gajap/sandbox/nebula/nebula-insurance-crm/planning-mds/features/` | 0 | PASS | `planning-mds/features/STORY-INDEX.md` | None |
| 2026-05-24T21:47:20-04:00 | G4.7 | `python3 /mnt/c/Users/gajap/sandbox/nebula/nebula-insurance-crm/scripts/kg/validate.py --regenerate-symbols` | 1 | REWORK | `commands.log`; `planning-mds/knowledge-graph/symbol-index.yaml` | Coverage report stale; fixed with `--write-coverage-report` |
| 2026-05-24T21:49:40-04:00 | G4.7 | `python3 /mnt/c/Users/gajap/sandbox/nebula/nebula-insurance-crm/scripts/kg/validate.py --write-coverage-report` | 0 | PASS | `planning-mds/knowledge-graph/coverage-report.yaml` | None |
| 2026-05-24T21:52:07-04:00 | G4.7 | `python3 /mnt/c/Users/gajap/sandbox/nebula/nebula-insurance-crm/scripts/kg/validate.py --regenerate-symbols` | 0 | PASS | `planning-mds/knowledge-graph/symbol-index.yaml` | None |
| 2026-05-24T21:53:45-04:00 | G4.7 | `python3 /mnt/c/Users/gajap/sandbox/nebula/nebula-insurance-crm/scripts/kg/validate.py --check-symbols` | 0 | PASS | `commands.log` | Existing low-confidence F0028 warning only |
| 2026-05-24T21:55:17-04:00 | G4.7 | `python3 /mnt/c/Users/gajap/sandbox/nebula/nebula-insurance-crm/scripts/kg/validate.py --check-drift` | 0 | PASS | `commands.log` | Existing KG warnings only |
| 2026-05-24T21:55:25-04:00 | G4.7 | `python3 agents/scripts/validate_templates.py` | 1 | REWORK | `commands.log` | Validator default prompt path was stale |
| 2026-05-24T22:02:38-04:00 | G4.7 | `python3 agents/scripts/validate_templates.py` | 1 | REWORK | `commands.log` | Validator path fixed; template drift checks exposed uuid4 prohibition false positives |
| 2026-05-24T22:04:36-04:00 | G4.7 | `python3 agents/scripts/validate_templates.py` | 0 | PASS | `commands.log` | Validator repaired; no unresolved template defect |
| 2026-05-24T22:05:00-04:00 | closeout | `python3 agents/product-manager/scripts/patch-prior-manifest.py --product-root /mnt/c/Users/gajap/sandbox/nebula/nebula-insurance-crm --feature F0035 --new-run-id 2026-05-24-c92b16b6` | 0 | PASS | `commands.log` | No prior approved manifests existed |
| 2026-05-24T22:05:00-04:00 | closeout | `python3 agents/product-manager/scripts/validate-feature-evidence.py --product-root /mnt/c/Users/gajap/sandbox/nebula/nebula-insurance-crm --feature F0035 --stage closeout` | 0 | PASS | `commands.log`; `latest-run.json`; `evidence-manifest.json` | Warning only for absolute cwd command-log entries |
| 2026-05-25T13:27:00-04:00 | closeout | `python3 agents/product-manager/scripts/validate-feature-evidence.py --product-root /mnt/c/Users/gajap/sandbox/nebula/nebula-insurance-crm --feature F0035 --stage closeout --json-out planning-mds/operations/evidence/runs/2026-05-24-c92b16b6/artifacts/feature-evidence-validation.json` | 0 | PASS | `artifact-trace.md`; `artifacts/feature-evidence-validation.json` | Absolute cwd warning cleared by `Run Environment` entries |

## Stage

G4.6 candidate evidence validation.

## Exit Code

All final lifecycle gate commands exited `0`. Failed intermediate validator runs are retained above with their repair disposition.

## Result

PASS after documented rework.

## Output References

- `commands.log`
- `feature-action-execution.md`
- `evidence-manifest.json`
- `pm-closeout.md`

## Skipped Gates

- PM closeout and `latest-run.json` publication are intentionally deferred to G4.7.
