{"ts":"2026-07-03T17:39:51+05:30","cwd":"/Users/wallstreet48/nebula-feature-26/nebula-agents","cmd":"date +%F","exit_code":0,"purpose":"derive plan run date","artifacts":["planning-mds/operations/evidence/runs/2026-07-03-4b9ca863"]}
{"ts":"2026-07-03T17:39:51+05:30","cwd":"/Users/wallstreet48/nebula-feature-26/nebula-agents","cmd":"python3 -c \"import secrets; print(secrets.token_hex(4))\"","exit_code":0,"purpose":"derive plan run id suffix","artifacts":["planning-mds/operations/evidence/runs/2026-07-03-4b9ca863"]}
{"ts":"2026-07-03T17:39:51+05:30","cwd":"/Users/wallstreet48/nebula-feature-26/nebula-agents","cmd":"find agents/templates -maxdepth 1 -type f -print","exit_code":0,"purpose":"inspect available harness evidence templates","artifacts":[]}
{"ts":"2026-07-03T17:39:51+05:30","cwd":"/Users/wallstreet48/nebula-feature-26/nebula-agents","cmd":"sed -n '1,220p' agents/templates/commands-log-template.md","exit_code":0,"purpose":"inspect command log schema","artifacts":[]}
{"ts":"2026-07-03T17:39:51+05:30","cwd":"/Users/wallstreet48/nebula-feature-26/nebula-agents","cmd":"ls agents/templates","exit_code":0,"purpose":"inspect harness template names","artifacts":[]}
{"ts":"2026-07-03T17:39:51+05:30","cwd":"/Users/wallstreet48/nebula-feature-26/nebula-insurance-crm","cmd":"mkdir -p planning-mds/operations/evidence/runs/2026-07-03-4b9ca863","exit_code":0,"purpose":"initialize plan run evidence directory","artifacts":["planning-mds/operations/evidence/runs/2026-07-03-4b9ca863"]}
{"ts":"2026-07-03T17:39:51+05:30","cwd":"/Users/wallstreet48/nebula-feature-26/nebula-insurance-crm","cmd":"test -d planning-mds/operations/evidence/runs/2026-07-03-4b9ca863 && pwd","exit_code":0,"purpose":"verify plan run evidence directory","artifacts":["planning-mds/operations/evidence/runs/2026-07-03-4b9ca863"]}
{"ts":"2026-07-03T17:39:51+05:30","cwd":"/Users/wallstreet48/nebula-feature-26/nebula-agents","cmd":"date -Iseconds","exit_code":0,"purpose":"capture evidence initialization timestamp","artifacts":[]}
{"ts":"2026-07-03T17:39:51+05:30","cwd":"/Users/wallstreet48/nebula-feature-26/nebula-insurance-crm","cmd":"find planning-mds/operations/evidence/runs/2026-07-03-4b9ca863 -maxdepth 1 -type f -print","exit_code":0,"purpose":"confirm plan run evidence folder was empty before base file initialization","artifacts":["planning-mds/operations/evidence/runs/2026-07-03-4b9ca863"]}
{"ts":"2026-07-03T17:40:30+05:30","cwd":"/Users/wallstreet48/nebula-feature-26/nebula-insurance-crm","cmd":"python3 scripts/kg/validate.py","exit_code":1,"purpose":"verify required KG precondition before plan action","artifacts":["scripts/kg/coverage-report.yaml"]}
{"ts":"2026-07-03T17:41:02+05:30","cwd":"/Users/wallstreet48/nebula-feature-26/nebula-insurance-crm","cmd":"python3 scripts/kg/validate.py --write-coverage-report","exit_code":0,"purpose":"repair stale KG coverage report precondition","artifacts":["scripts/kg/coverage-report.yaml"]}
{"ts":"2026-07-03T17:41:22+05:30","cwd":"/Users/wallstreet48/nebula-feature-26/nebula-insurance-crm","cmd":"python3 scripts/kg/validate.py","exit_code":0,"purpose":"confirm KG precondition is green before context loading","artifacts":["scripts/kg/coverage-report.yaml"]}
{"ts":"2026-07-03T17:42:00+05:30","cwd":"/Users/wallstreet48/nebula-feature-26/nebula-agents","cmd":"sed -n '1,220p' agents/ROUTER.md","exit_code":0,"purpose":"load router context","artifacts":[]}
{"ts":"2026-07-03T17:42:00+05:30","cwd":"/Users/wallstreet48/nebula-feature-26/nebula-agents","cmd":"sed -n '1,220p' agents/agent-map.md","exit_code":1,"purpose":"attempt to load agent map using prompt-referenced path variant","artifacts":[]}
{"ts":"2026-07-03T17:42:00+05:30","cwd":"/Users/wallstreet48/nebula-feature-26/nebula-agents","cmd":"sed -n '1,240p' agents/docs/AGENT-USE.md","exit_code":0,"purpose":"load agent usage guide","artifacts":[]}
{"ts":"2026-07-03T17:42:00+05:30","cwd":"/Users/wallstreet48/nebula-feature-26/nebula-agents","cmd":"sed -n '1,260p' agents/actions/plan.md","exit_code":0,"purpose":"load plan action contract","artifacts":[]}
{"ts":"2026-07-03T17:42:15+05:30","cwd":"/Users/wallstreet48/nebula-feature-26/nebula-agents","cmd":"sed -n '1,260p' agents/agent-map.yaml","exit_code":0,"purpose":"load authoritative agent map","artifacts":[]}
{"ts":"2026-07-03T17:42:15+05:30","cwd":"/Users/wallstreet48/nebula-feature-26/nebula-agents","cmd":"sed -n '1,220p' agents/product-manager/SKILL.md","exit_code":0,"purpose":"activate Product Manager Phase A role","artifacts":[]}
{"ts":"2026-07-03T17:42:15+05:30","cwd":"/Users/wallstreet48/nebula-feature-26/nebula-agents","cmd":"sed -n '1,220p' agents/product-manager/references/story-examples.md","exit_code":0,"purpose":"load story writing reference selected by router","artifacts":[]}
{"ts":"2026-07-03T17:42:15+05:30","cwd":"/Users/wallstreet48/nebula-feature-26/nebula-agents","cmd":"sed -n '1,220p' agents/product-manager/references/vertical-slicing-guide.md","exit_code":0,"purpose":"load vertical slicing reference selected by router","artifacts":[]}
{"ts":"2026-07-03T17:42:35+05:30","cwd":"/Users/wallstreet48/nebula-feature-26/nebula-insurance-crm","cmd":"test -f .agentignore && sed -n '1,200p' .agentignore || true","exit_code":0,"purpose":"load product retrieval guard before broad reads","artifacts":[]}
{"ts":"2026-07-03T17:42:35+05:30","cwd":"/Users/wallstreet48/nebula-feature-26/nebula-insurance-crm","cmd":"sed -n '1,220p' planning-mds/features/REGISTRY.md","exit_code":0,"purpose":"load feature registry tracker","artifacts":[]}
{"ts":"2026-07-03T17:42:35+05:30","cwd":"/Users/wallstreet48/nebula-feature-26/nebula-insurance-crm","cmd":"sed -n '1,260p' planning-mds/features/ROADMAP.md","exit_code":0,"purpose":"load roadmap tracker","artifacts":[]}
{"ts":"2026-07-03T17:42:35+05:30","cwd":"/Users/wallstreet48/nebula-feature-26/nebula-insurance-crm","cmd":"sed -n '1,260p' planning-mds/BLUEPRINT.md","exit_code":0,"purpose":"load blueprint sections 0-3 baseline","artifacts":[]}
{"ts":"2026-07-03T17:42:55+05:30","cwd":"/Users/wallstreet48/nebula-feature-26/nebula-insurance-crm","cmd":"python3 scripts/kg/lookup.py F0008 --allow-missing","exit_code":0,"purpose":"resolve F0008 KG scope and mapping status","artifacts":[]}
{"ts":"2026-07-03T17:42:55+05:30","cwd":"/Users/wallstreet48/nebula-feature-26/nebula-insurance-crm","cmd":"find planning-mds/features/F0008-broker-insights -maxdepth 2 -type f -print","exit_code":0,"purpose":"list F0008 feature folder files","artifacts":[]}
{"ts":"2026-07-03T17:42:55+05:30","cwd":"/Users/wallstreet48/nebula-feature-26/nebula-insurance-crm","cmd":"sed -n '1,260p' planning-mds/features/F0008-broker-insights/PRD.md","exit_code":0,"purpose":"load F0008 PRD","artifacts":[]}
{"ts":"2026-07-03T17:42:55+05:30","cwd":"/Users/wallstreet48/nebula-feature-26/nebula-insurance-crm","cmd":"sed -n '1,220p' planning-mds/features/F0008-broker-insights/STATUS.md","exit_code":0,"purpose":"load F0008 status","artifacts":[]}
{"ts":"2026-07-03T17:42:55+05:30","cwd":"/Users/wallstreet48/nebula-feature-26/nebula-insurance-crm","cmd":"sed -n '1,220p' planning-mds/features/F0008-broker-insights/README.md","exit_code":0,"purpose":"load F0008 README","artifacts":[]}
{"ts":"2026-07-03T17:42:55+05:30","cwd":"/Users/wallstreet48/nebula-feature-26/nebula-insurance-crm","cmd":"sed -n '1,220p' planning-mds/features/F0008-broker-insights/GETTING-STARTED.md","exit_code":0,"purpose":"load F0008 getting started","artifacts":[]}
{"ts":"2026-07-03T17:43:15+05:30","cwd":"/Users/wallstreet48/nebula-feature-26/nebula-insurance-crm","cmd":"sed -n '1,220p' planning-mds/knowledge-graph/solution-ontology.yaml","exit_code":0,"purpose":"load ontology vocabulary and ownership rules","artifacts":[]}
{"ts":"2026-07-03T17:43:15+05:30","cwd":"/Users/wallstreet48/nebula-feature-26/nebula-insurance-crm","cmd":"rg -n \"(broker|submission|renewal|policy|report|search|activity|producer|territory|hierarchy|insight|scorecard|metric)\" planning-mds/knowledge-graph/canonical-nodes.yaml","exit_code":0,"purpose":"locate relevant canonical nodes without editing architect-owned files","artifacts":[]}
{"ts":"2026-07-03T17:43:15+05:30","cwd":"/Users/wallstreet48/nebula-feature-26/nebula-insurance-crm","cmd":"rg -n \"F0008|F0017|F0019|F0023|excluded_features\" planning-mds/knowledge-graph/feature-mappings.yaml","exit_code":0,"purpose":"inspect feature mapping state and dependencies","artifacts":[]}
{"ts":"2026-07-03T17:43:15+05:30","cwd":"/Users/wallstreet48/nebula-feature-26/nebula-insurance-crm","cmd":"sed -n '1,140p' planning-mds/knowledge-graph/coverage-report.yaml","exit_code":0,"purpose":"load KG coverage report summary","artifacts":[]}
{"ts":"2026-07-03T17:43:15+05:30","cwd":"/Users/wallstreet48/nebula-feature-26/nebula-insurance-crm","cmd":"sed -n '1,160p' planning-mds/knowledge-graph/code-index.yaml","exit_code":0,"purpose":"load code-index summary for KG context","artifacts":[]}
{"ts":"2026-07-03T17:43:35+05:30","cwd":"/Users/wallstreet48/nebula-feature-26/nebula-insurance-crm","cmd":"sed -n '1,80p' planning-mds/knowledge-graph/feature-mappings.yaml","exit_code":0,"purpose":"inspect mapping file header and exclusions","artifacts":[]}
{"ts":"2026-07-03T17:43:35+05:30","cwd":"/Users/wallstreet48/nebula-feature-26/nebula-insurance-crm","cmd":"sed -n '633,730p' planning-mds/knowledge-graph/feature-mappings.yaml","exit_code":0,"purpose":"inspect F0023 mapping style","artifacts":[]}
{"ts":"2026-07-03T17:43:35+05:30","cwd":"/Users/wallstreet48/nebula-feature-26/nebula-insurance-crm","cmd":"sed -n '950,1020p' planning-mds/knowledge-graph/feature-mappings.yaml","exit_code":0,"purpose":"inspect F0017 mapping style","artifacts":[]}
{"ts":"2026-07-03T17:43:35+05:30","cwd":"/Users/wallstreet48/nebula-feature-26/nebula-insurance-crm","cmd":"sed -n '1070,1245p' planning-mds/knowledge-graph/feature-mappings.yaml","exit_code":0,"purpose":"inspect story mapping style","artifacts":[]}
{"ts":"2026-07-03T17:43:50+05:30","cwd":"/Users/wallstreet48/nebula-feature-26/nebula-agents","cmd":"sed -n '1,260p' agents/product-manager/scripts/validate-stories.py","exit_code":0,"purpose":"inspect story validator requirements","artifacts":[]}
{"ts":"2026-07-03T17:43:50+05:30","cwd":"/Users/wallstreet48/nebula-feature-26/nebula-insurance-crm","cmd":"sed -n '1,220p' planning-mds/features/F0030-integration-hub-and-data-exchange/README.md","exit_code":0,"purpose":"inspect planned feature skeleton style","artifacts":[]}
{"ts":"2026-07-03T17:43:50+05:30","cwd":"/Users/wallstreet48/nebula-feature-26/nebula-insurance-crm","cmd":"sed -n '1,220p' planning-mds/features/F0030-integration-hub-and-data-exchange/STATUS.md","exit_code":0,"purpose":"inspect planned feature status style","artifacts":[]}
{"ts":"2026-07-03T17:43:50+05:30","cwd":"/Users/wallstreet48/nebula-feature-26/nebula-insurance-crm","cmd":"sed -n '1,220p' planning-mds/features/F0030-integration-hub-and-data-exchange/F0030-S0001-connect-api-to-external-system.md","exit_code":1,"purpose":"confirm F0030 has no story file template to reuse","artifacts":[]}
{"ts":"2026-07-03T17:44:05+05:30","cwd":"/Users/wallstreet48/nebula-feature-26/nebula-insurance-crm","cmd":"sed -n '1,240p' planning-mds/features/archive/F0023-global-search-saved-views-and-operational-reporting/F0023-S0005-daily-operational-workload-report.md","exit_code":0,"purpose":"load completed report story template","artifacts":[]}
{"ts":"2026-07-03T17:44:05+05:30","cwd":"/Users/wallstreet48/nebula-feature-26/nebula-insurance-crm","cmd":"sed -n '1,220p' planning-mds/features/archive/F0023-global-search-saved-views-and-operational-reporting/F0023-S0007-permission-safe-search-and-reporting.md","exit_code":0,"purpose":"load completed permission-safe report story template","artifacts":[]}
{"ts":"2026-07-03T17:44:05+05:30","cwd":"/Users/wallstreet48/nebula-feature-26/nebula-agents","cmd":"sed -n '1,180p' agents/product-manager/scripts/generate-story-index.py","exit_code":0,"purpose":"inspect generated story index behavior","artifacts":[]}
{"ts":"2026-07-03T17:44:20+05:30","cwd":"/Users/wallstreet48/nebula-feature-26/nebula-insurance-crm","cmd":"rg -n \"F0023|CRM Release MVP\\+ Stories|F0008|Feature F0017|Feature F0038\" planning-mds/BLUEPRINT.md","exit_code":0,"purpose":"locate blueprint insertion points","artifacts":[]}
{"ts":"2026-07-03T17:44:35+05:30","cwd":"/Users/wallstreet48/nebula-feature-26/nebula-agents","cmd":"python3 agents/product-manager/scripts/validate-stories.py ../nebula-insurance-crm/planning-mds/features/F0008-broker-insights","exit_code":0,"purpose":"validate newly created F0008 stories before warning repair","artifacts":["planning-mds/features/F0008-broker-insights"]}
{"ts":"2026-07-03T17:44:40+05:30","cwd":"/Users/wallstreet48/nebula-feature-26/nebula-agents","cmd":"rg -n \"mutation|capture|edit|save|update|manage|submit|approve|assign|transition|select\" agents/product-manager/scripts/validate-stories.py","exit_code":0,"purpose":"inspect warning heuristic for story validation repair","artifacts":[]}
{"ts":"2026-07-03T17:44:42+05:30","cwd":"/Users/wallstreet48/nebula-feature-26/nebula-agents","cmd":"sed -n '260,290p' agents/product-manager/scripts/validate-stories.py","exit_code":0,"purpose":"inspect mutation warning logic","artifacts":[]}
{"ts":"2026-07-03T17:44:50+05:30","cwd":"/Users/wallstreet48/nebula-feature-26/nebula-agents","cmd":"python3 agents/product-manager/scripts/validate-stories.py ../nebula-insurance-crm/planning-mds/features/F0008-broker-insights","exit_code":0,"purpose":"validate F0008 stories after warning repair","artifacts":["planning-mds/features/F0008-broker-insights"]}
{"ts":"2026-07-03T17:44:52+05:30","cwd":"/Users/wallstreet48/nebula-feature-26/nebula-agents","cmd":"python3 agents/product-manager/scripts/generate-story-index.py ../nebula-insurance-crm/planning-mds/features/","exit_code":0,"purpose":"regenerate story index after adding F0008 stories","artifacts":["planning-mds/features/STORY-INDEX.md"]}
{"ts":"2026-07-03T17:44:55+05:30","cwd":"/Users/wallstreet48/nebula-feature-26/nebula-agents","cmd":"python3 agents/product-manager/scripts/validate-trackers.py --product-root ../nebula-insurance-crm --skip-feature-evidence","exit_code":0,"purpose":"validate tracker sync for G2","artifacts":["planning-mds/features/REGISTRY.md","planning-mds/features/ROADMAP.md","planning-mds/features/STORY-INDEX.md","planning-mds/BLUEPRINT.md"]}
{"ts":"2026-07-03T17:44:58+05:30","cwd":"/Users/wallstreet48/nebula-feature-26/nebula-insurance-crm","cmd":"python3 scripts/kg/validate.py --write-coverage-report","exit_code":0,"purpose":"refresh KG coverage after F0008 mapping stub","artifacts":["planning-mds/knowledge-graph/coverage-report.yaml"]}
{"ts":"2026-07-03T17:44:59+05:30","cwd":"/Users/wallstreet48/nebula-feature-26/nebula-insurance-crm","cmd":"python3 scripts/kg/validate.py","exit_code":0,"purpose":"validate KG after F0008 mapping stub","artifacts":["planning-mds/knowledge-graph/feature-mappings.yaml","planning-mds/knowledge-graph/coverage-report.yaml"]}
{"ts":"2026-07-03T17:44:59+05:30","cwd":"/Users/wallstreet48/nebula-feature-26/nebula-insurance-crm","cmd":"python3 scripts/kg/validate.py --check-drift","exit_code":0,"purpose":"validate KG drift after F0008 mapping stub","artifacts":["planning-mds/knowledge-graph/feature-mappings.yaml","planning-mds/knowledge-graph/coverage-report.yaml"]}
{"ts":"2026-07-03T17:45:00+05:30","cwd":"/Users/wallstreet48/nebula-feature-26/nebula-agents","cmd":"python3 agents/scripts/validate_templates.py","exit_code":0,"purpose":"validate framework prompt templates","artifacts":[]}
{"ts":"2026-07-03T17:45:00+05:30","cwd":"/Users/wallstreet48/nebula-feature-26/nebula-agents","cmd":"date -Iseconds","exit_code":0,"purpose":"capture Phase A evidence timestamp","artifacts":[]}
{"ts":"2026-07-03T17:45:00+05:30","cwd":"/Users/wallstreet48/nebula-feature-26/nebula-insurance-crm","cmd":"git status --short","exit_code":0,"purpose":"capture working tree summary for Phase A stop point","artifacts":[]}
{"ts":"2026-07-03T17:47:44+05:30","cwd":"/Users/wallstreet48/nebula-feature-26/nebula-agents","cmd":"date -Iseconds","exit_code":0,"purpose":"capture Phase B approval timestamp","artifacts":[]}
{"ts":"2026-07-03T17:47:44+05:30","cwd":"/Users/wallstreet48/nebula-feature-26/nebula-agents","cmd":"sed -n '1,260p' agents/architect/SKILL.md","exit_code":0,"purpose":"activate Architect Phase B role","artifacts":[]}
{"ts":"2026-07-03T17:47:44+05:30","cwd":"/Users/wallstreet48/nebula-feature-26/nebula-agents","cmd":"sed -n '1,220p' agents/architect/references/data-modeling-guide.md","exit_code":0,"purpose":"load data modeling reference selected by router","artifacts":[]}
{"ts":"2026-07-03T17:47:44+05:30","cwd":"/Users/wallstreet48/nebula-feature-26/nebula-agents","cmd":"sed -n '1,220p' agents/architect/references/api-design-guide.md","exit_code":0,"purpose":"load API design reference selected by router","artifacts":[]}
{"ts":"2026-07-03T17:48:10+05:30","cwd":"/Users/wallstreet48/nebula-feature-26/nebula-insurance-crm","cmd":"sed -n '1,260p' planning-mds/architecture/SOLUTION-PATTERNS.md","exit_code":0,"purpose":"load solution-specific architecture patterns","artifacts":[]}
{"ts":"2026-07-03T17:48:10+05:30","cwd":"/Users/wallstreet48/nebula-feature-26/nebula-insurance-crm","cmd":"sed -n '1,220p' planning-mds/architecture/api-guidelines-profile.md","exit_code":0,"purpose":"load API governance profile","artifacts":[]}
{"ts":"2026-07-03T17:48:10+05:30","cwd":"/Users/wallstreet48/nebula-feature-26/nebula-insurance-crm","cmd":"ls planning-mds/api planning-mds/schemas planning-mds/architecture/decisions | sed -n '1,220p'","exit_code":0,"purpose":"inspect architecture contract files and ADR numbering","artifacts":[]}
{"ts":"2026-07-03T17:48:10+05:30","cwd":"/Users/wallstreet48/nebula-feature-26/nebula-insurance-crm","cmd":"sed -n '1,220p' planning-mds/architecture/decisions/ADR-014-search-index-and-saved-view-architecture.md","exit_code":0,"purpose":"load F0023 governing ADR","artifacts":[]}
{"ts":"2026-07-03T17:48:10+05:30","cwd":"/Users/wallstreet48/nebula-feature-26/nebula-insurance-crm","cmd":"sed -n '1,220p' planning-mds/architecture/decisions/ADR-026-broker-mga-hierarchy-producer-ownership-and-territory.md","exit_code":0,"purpose":"load F0017 governing ADR and F0037 boundary","artifacts":[]}
{"ts":"2026-07-03T17:48:40+05:30","cwd":"/Users/wallstreet48/nebula-feature-26/nebula-insurance-crm","cmd":"rg -n \"operational-reports|search-results|schemas:|components:|Broker|Operational|SavedView\" planning-mds/api/nebula-api.yaml","exit_code":0,"purpose":"locate OpenAPI insertion points","artifacts":[]}
{"ts":"2026-07-03T17:48:40+05:30","cwd":"/Users/wallstreet48/nebula-feature-26/nebula-insurance-crm","cmd":"sed -n '1,180p' planning-mds/api/nebula-api.yaml","exit_code":0,"purpose":"inspect OpenAPI header and tags","artifacts":[]}
{"ts":"2026-07-03T17:48:40+05:30","cwd":"/Users/wallstreet48/nebula-feature-26/nebula-insurance-crm","cmd":"sed -n '1,220p' planning-mds/schemas/operational-workload-report.schema.json","exit_code":0,"purpose":"inspect JSON Schema style","artifacts":[]}
{"ts":"2026-07-03T17:48:40+05:30","cwd":"/Users/wallstreet48/nebula-feature-26/nebula-insurance-crm","cmd":"rg -n \"F0023|OperationalReportProjection|F0017|Broker Insights|SearchDocument|data model\" planning-mds/architecture/data-model.md","exit_code":0,"purpose":"locate data model insertion points","artifacts":[]}
{"ts":"2026-07-03T17:48:40+05:30","cwd":"/Users/wallstreet48/nebula-feature-26/nebula-insurance-crm","cmd":"sed -n '1,180p' planning-mds/schemas/global-search-result.schema.json","exit_code":0,"purpose":"inspect source row schema reused by F0008 drilldowns","artifacts":[]}
{"ts":"2026-07-03T17:49:05+05:30","cwd":"/Users/wallstreet48/nebula-feature-26/nebula-insurance-crm","cmd":"sed -n '2920,3288p' planning-mds/api/nebula-api.yaml","exit_code":0,"purpose":"inspect F0023 API path style","artifacts":[]}
{"ts":"2026-07-03T17:49:05+05:30","cwd":"/Users/wallstreet48/nebula-feature-26/nebula-insurance-crm","cmd":"sed -n '4564,4625p' planning-mds/api/nebula-api.yaml","exit_code":0,"purpose":"inspect OpenAPI parameters/components style","artifacts":[]}
{"ts":"2026-07-03T17:49:05+05:30","cwd":"/Users/wallstreet48/nebula-feature-26/nebula-insurance-crm","cmd":"sed -n '8440,8505p' planning-mds/api/nebula-api.yaml","exit_code":0,"purpose":"inspect OpenAPI schema component style","artifacts":[]}
{"ts":"2026-07-03T17:49:05+05:30","cwd":"/Users/wallstreet48/nebula-feature-26/nebula-insurance-crm","cmd":"sed -n '878,1005p' planning-mds/architecture/data-model.md","exit_code":0,"purpose":"inspect F0023 data-model section","artifacts":[]}
{"ts":"2026-07-03T17:49:05+05:30","cwd":"/Users/wallstreet48/nebula-feature-26/nebula-insurance-crm","cmd":"sed -n '1,140p' planning-mds/architecture/decisions/ADR-028-neuron-companion-persistence-and-outreach-authorization.md","exit_code":0,"purpose":"inspect local ADR status/format style","artifacts":[]}
{"ts":"2026-07-03T17:49:30+05:30","cwd":"/Users/wallstreet48/nebula-feature-26/nebula-insurance-crm","cmd":"sed -n '220,285p' planning-mds/knowledge-graph/canonical-nodes.yaml","exit_code":0,"purpose":"inspect entity node placement","artifacts":[]}
{"ts":"2026-07-03T17:49:30+05:30","cwd":"/Users/wallstreet48/nebula-feature-26/nebula-insurance-crm","cmd":"sed -n '540,590p' planning-mds/knowledge-graph/canonical-nodes.yaml","exit_code":0,"purpose":"inspect capability node placement","artifacts":[]}
{"ts":"2026-07-03T17:49:30+05:30","cwd":"/Users/wallstreet48/nebula-feature-26/nebula-insurance-crm","cmd":"sed -n '1238,1265p' planning-mds/knowledge-graph/canonical-nodes.yaml","exit_code":0,"purpose":"inspect endpoint node placement","artifacts":[]}
{"ts":"2026-07-03T17:49:30+05:30","cwd":"/Users/wallstreet48/nebula-feature-26/nebula-insurance-crm","cmd":"sed -n '3668,3688p' planning-mds/knowledge-graph/canonical-nodes.yaml && sed -n '4118,4142p' planning-mds/knowledge-graph/canonical-nodes.yaml","exit_code":0,"purpose":"inspect policy/evidence node placement","artifacts":[]}
{"ts":"2026-07-03T17:49:30+05:30","cwd":"/Users/wallstreet48/nebula-feature-26/nebula-insurance-crm","cmd":"sed -n '4337,4356p' planning-mds/knowledge-graph/canonical-nodes.yaml && sed -n '4200,4255p' planning-mds/knowledge-graph/canonical-nodes.yaml","exit_code":0,"purpose":"inspect schema and ADR node placement","artifacts":[]}
{"ts":"2026-07-03T17:49:30+05:30","cwd":"/Users/wallstreet48/nebula-feature-26/nebula-insurance-crm","cmd":"rg -n \"operational-report|global-search|api:nebula-rest|adr:014-search|schema:operational\" planning-mds/knowledge-graph/code-index.yaml","exit_code":0,"purpose":"inspect code-index placement for reporting contracts","artifacts":[]}
{"ts":"2026-07-03T17:50:05+05:30","cwd":"/Users/wallstreet48/nebula-feature-26/nebula-insurance-crm","cmd":"sed -n '3585,3668p' planning-mds/knowledge-graph/canonical-nodes.yaml","exit_code":0,"purpose":"confirm canonical policy area","artifacts":[]}
{"ts":"2026-07-03T17:50:05+05:30","cwd":"/Users/wallstreet48/nebula-feature-26/nebula-insurance-crm","cmd":"sed -n '2950,2995p' planning-mds/knowledge-graph/code-index.yaml","exit_code":0,"purpose":"inspect policy/schema code-index area","artifacts":[]}
{"ts":"2026-07-03T17:50:05+05:30","cwd":"/Users/wallstreet48/nebula-feature-26/nebula-insurance-crm","cmd":"sed -n '2688,3020p' planning-mds/knowledge-graph/code-index.yaml","exit_code":0,"purpose":"inspect F0023 code-index block","artifacts":[]}
{"ts":"2026-07-03T17:50:05+05:30","cwd":"/Users/wallstreet48/nebula-feature-26/nebula-insurance-crm","cmd":"sed -n '500,565p' planning-mds/architecture/data-model.md","exit_code":0,"purpose":"inspect existing data-model format around indexes","artifacts":[]}
{"ts":"2026-07-03T17:50:35+05:30","cwd":"/Users/wallstreet48/nebula-feature-26/nebula-insurance-crm","cmd":"rg -n \"operational_report|global_search|saved_view|broker|policy_rule|Resources|F0023\" planning-mds/security/authorization-matrix.md","exit_code":0,"purpose":"inspect authorization matrix placement","artifacts":[]}
{"ts":"2026-07-03T17:50:35+05:30","cwd":"/Users/wallstreet48/nebula-feature-26/nebula-insurance-crm","cmd":"sed -n '1,160p' planning-mds/security/policies/policy.csv","exit_code":0,"purpose":"inspect policy CSV header/resources","artifacts":[]}
{"ts":"2026-07-03T17:50:35+05:30","cwd":"/Users/wallstreet48/nebula-feature-26/nebula-insurance-crm","cmd":"rg -n \"global_search|operational_report|broker\" planning-mds/security/policies/policy.csv","exit_code":0,"purpose":"inspect F0023 policy rows","artifacts":[]}
{"ts":"2026-07-03T17:50:35+05:30","cwd":"/Users/wallstreet48/nebula-feature-26/nebula-insurance-crm","cmd":"sed -n '150,230p' planning-mds/security/authorization-matrix.md","exit_code":0,"purpose":"inspect authorization matrix format","artifacts":[]}
{"ts":"2026-07-03T17:51:15+05:30","cwd":"/Users/wallstreet48/nebula-feature-26/nebula-insurance-crm","cmd":"sed -n '3240,3315p' planning-mds/api/nebula-api.yaml","exit_code":0,"purpose":"inspect OpenAPI insertion point after F0023 reports","artifacts":[]}
{"ts":"2026-07-03T17:51:40+05:30","cwd":"/Users/wallstreet48/nebula-feature-26/nebula-insurance-crm","cmd":"sed -n '8500,8568p' planning-mds/api/nebula-api.yaml","exit_code":0,"purpose":"inspect OpenAPI component area","artifacts":[]}
{"ts":"2026-07-03T17:51:45+05:30","cwd":"/Users/wallstreet48/nebula-feature-26/nebula-insurance-crm","cmd":"rg -n \"F0038|SessionTelemetry|WorkflowBacklogRow|WorkflowAgingRow\" planning-mds/api/nebula-api.yaml","exit_code":0,"purpose":"locate end of F0023 schema block","artifacts":[]}
{"ts":"2026-07-03T17:51:50+05:30","cwd":"/Users/wallstreet48/nebula-feature-26/nebula-insurance-crm","cmd":"sed -n '8460,8525p' planning-mds/api/nebula-api.yaml","exit_code":0,"purpose":"inspect component insertion point before document schemas","artifacts":[]}
{"ts":"2026-07-03T17:52:25+05:30","cwd":"/Users/wallstreet48/nebula-feature-26/nebula-insurance-crm","cmd":"tail -n 60 planning-mds/architecture/data-model.md","exit_code":0,"purpose":"locate data-model related-documents/version area","artifacts":[]}
{"ts":"2026-07-03T17:52:55+05:30","cwd":"/Users/wallstreet48/nebula-feature-26/nebula-insurance-crm","cmd":"sed -n '479,525p' planning-mds/security/authorization-matrix.md && sed -n '560,580p' planning-mds/security/policies/policy.csv","exit_code":0,"purpose":"inspect exact auth patch context after initial mismatch","artifacts":[]}
{"ts":"2026-07-03T17:53:35+05:30","cwd":"/Users/wallstreet48/nebula-feature-26/nebula-insurance-crm","cmd":"rg -n \"policy_rule:global-search-read|policy_rule:operational-report-read|schema:workflow-aging-report|adr:028\" planning-mds/knowledge-graph/canonical-nodes.yaml","exit_code":0,"purpose":"locate canonical node patch points","artifacts":[]}
{"ts":"2026-07-03T17:53:40+05:30","cwd":"/Users/wallstreet48/nebula-feature-26/nebula-insurance-crm","cmd":"sed -n '3336,3448p' planning-mds/knowledge-graph/canonical-nodes.yaml","exit_code":0,"purpose":"inspect canonical policy node context","artifacts":[]}
{"ts":"2026-07-03T17:53:45+05:30","cwd":"/Users/wallstreet48/nebula-feature-26/nebula-insurance-crm","cmd":"sed -n '3448,3478p' planning-mds/knowledge-graph/canonical-nodes.yaml","exit_code":0,"purpose":"inspect canonical broker policy context","artifacts":[]}
{"ts":"2026-07-03T17:53:55+05:30","cwd":"/Users/wallstreet48/nebula-feature-26/nebula-insurance-crm","cmd":"sed -n '4240,4265p' planning-mds/knowledge-graph/canonical-nodes.yaml","exit_code":0,"purpose":"inspect ADR node area after patch mismatch","artifacts":[]}
{"ts":"2026-07-03T17:54:00+05:30","cwd":"/Users/wallstreet48/nebula-feature-26/nebula-insurance-crm","cmd":"sed -n '4260,4365p' planning-mds/knowledge-graph/canonical-nodes.yaml","exit_code":0,"purpose":"inspect schemas section for broker insight schemas","artifacts":[]}
{"ts":"2026-07-03T17:54:35+05:30","cwd":"/Users/wallstreet48/nebula-feature-26/nebula-insurance-crm","cmd":"sed -n '45,155p' planning-mds/knowledge-graph/feature-mappings.yaml","exit_code":0,"purpose":"inspect F0008 feature mapping before architecture upgrade","artifacts":[]}
{"ts":"2026-07-03T17:54:50+05:30","cwd":"/Users/wallstreet48/nebula-feature-26/nebula-insurance-crm","cmd":"sed -n '1080,1205p' planning-mds/knowledge-graph/feature-mappings.yaml","exit_code":0,"purpose":"inspect F0008 story mappings before architecture upgrade","artifacts":[]}
{"ts":"2026-07-03T17:54:52+05:30","cwd":"/Users/wallstreet48/nebula-feature-26/nebula-insurance-crm","cmd":"sed -n '1205,1265p' planning-mds/knowledge-graph/feature-mappings.yaml","exit_code":0,"purpose":"inspect F0008 permission story mapping before architecture upgrade","artifacts":[]}
{"ts":"2026-07-03T17:55:05+05:30","cwd":"/Users/wallstreet48/nebula-feature-26/nebula-insurance-crm","cmd":"python3 scripts/kg/validate.py --write-coverage-report","exit_code":0,"purpose":"refresh KG coverage after Phase B architecture bindings","artifacts":["planning-mds/knowledge-graph/coverage-report.yaml"]}
{"ts":"2026-07-03T17:55:15+05:30","cwd":"/Users/wallstreet48/nebula-feature-26/nebula-insurance-crm","cmd":"python3 scripts/kg/validate.py","exit_code":0,"purpose":"validate KG after Phase B architecture bindings","artifacts":["planning-mds/knowledge-graph/canonical-nodes.yaml","planning-mds/knowledge-graph/feature-mappings.yaml","planning-mds/knowledge-graph/code-index.yaml","planning-mds/knowledge-graph/coverage-report.yaml"]}
{"ts":"2026-07-03T17:55:25+05:30","cwd":"/Users/wallstreet48/nebula-feature-26/nebula-insurance-crm","cmd":"python3 scripts/kg/validate.py --check-drift","exit_code":0,"purpose":"validate KG drift after Phase B architecture bindings","artifacts":["planning-mds/knowledge-graph/canonical-nodes.yaml","planning-mds/knowledge-graph/feature-mappings.yaml","planning-mds/knowledge-graph/code-index.yaml","planning-mds/knowledge-graph/coverage-report.yaml"]}
{"ts":"2026-07-03T17:55:35+05:30","cwd":"/Users/wallstreet48/nebula-feature-26/nebula-agents","cmd":"python3 agents/product-manager/scripts/validate-stories.py ../nebula-insurance-crm/planning-mds/features/F0008-broker-insights","exit_code":0,"purpose":"validate F0008 stories after Phase B architecture updates","artifacts":["planning-mds/features/F0008-broker-insights"]}
{"ts":"2026-07-03T17:55:42+05:30","cwd":"/Users/wallstreet48/nebula-feature-26/nebula-agents","cmd":"python3 agents/product-manager/scripts/validate-trackers.py --product-root ../nebula-insurance-crm --skip-feature-evidence","exit_code":0,"purpose":"validate tracker sync after Phase B architecture updates","artifacts":["planning-mds/features/REGISTRY.md","planning-mds/features/ROADMAP.md","planning-mds/features/STORY-INDEX.md","planning-mds/BLUEPRINT.md"]}
{"ts":"2026-07-03T17:55:46+05:30","cwd":"/Users/wallstreet48/nebula-feature-26/nebula-agents","cmd":"python3 agents/scripts/validate_templates.py","exit_code":0,"purpose":"validate framework prompt templates at Phase B stop point","artifacts":[]}
{"ts":"2026-07-03T17:55:51+05:30","cwd":"/Users/wallstreet48/nebula-feature-26/nebula-agents","cmd":"date -Iseconds","exit_code":0,"purpose":"capture Phase B evidence timestamp","artifacts":[]}
{"ts":"2026-07-03T17:55:51+05:30","cwd":"/Users/wallstreet48/nebula-feature-26/nebula-insurance-crm","cmd":"git status --short","exit_code":0,"purpose":"capture working tree summary for Phase B stop point","artifacts":[]}
{"ts":"2026-07-03T18:04:27+05:30","cwd":"/Users/wallstreet48/nebula-feature-26/nebula-agents","cmd":"date -Iseconds","exit_code":0,"purpose":"capture G5 approval timestamp","artifacts":[]}
{"ts":"2026-07-03T18:04:27+05:30","cwd":"/Users/wallstreet48/nebula-feature-26/nebula-insurance-crm","cmd":"sed -n '1,60p' planning-mds/architecture/decisions/ADR-029-broker-insights-read-models.md","exit_code":0,"purpose":"inspect ADR-029 approval state before G5 update","artifacts":["planning-mds/architecture/decisions/ADR-029-broker-insights-read-models.md"]}
{"ts":"2026-07-03T18:04:27+05:30","cwd":"/Users/wallstreet48/nebula-feature-26/nebula-insurance-crm","cmd":"sed -n '1,80p' planning-mds/features/F0008-broker-insights/STATUS.md","exit_code":0,"purpose":"inspect F0008 status before G5 update","artifacts":["planning-mds/features/F0008-broker-insights/STATUS.md"]}
{"ts":"2026-07-03T18:05:00+05:30","cwd":"/Users/wallstreet48/nebula-feature-26/nebula-agents","cmd":"python3 agents/product-manager/scripts/validate-stories.py ../nebula-insurance-crm/planning-mds/features/F0008-broker-insights","exit_code":0,"purpose":"post-G5 validate F0008 stories","artifacts":["planning-mds/features/F0008-broker-insights"]}
{"ts":"2026-07-03T18:05:00+05:30","cwd":"/Users/wallstreet48/nebula-feature-26/nebula-agents","cmd":"python3 agents/product-manager/scripts/generate-story-index.py ../nebula-insurance-crm/planning-mds/features/","exit_code":0,"purpose":"post-G5 regenerate story index","artifacts":["planning-mds/features/STORY-INDEX.md"]}
{"ts":"2026-07-03T18:05:00+05:30","cwd":"/Users/wallstreet48/nebula-feature-26/nebula-agents","cmd":"python3 agents/product-manager/scripts/validate-trackers.py --product-root ../nebula-insurance-crm --skip-feature-evidence","exit_code":0,"purpose":"post-G5 validate planning trackers","artifacts":["planning-mds/features/STORY-INDEX.md","planning-mds/BLUEPRINT.md"]}
{"ts":"2026-07-03T18:05:00+05:30","cwd":"/Users/wallstreet48/nebula-feature-26/nebula-insurance-crm","cmd":"python3 scripts/kg/validate.py --write-coverage-report","exit_code":0,"purpose":"post-G5 refresh KG coverage report","artifacts":["planning-mds/knowledge-graph/coverage-report.yaml"]}
{"ts":"2026-07-03T18:05:30+05:30","cwd":"/Users/wallstreet48/nebula-feature-26/nebula-insurance-crm","cmd":"python3 scripts/kg/validate.py","exit_code":0,"purpose":"post-G5 validate KG integrity","artifacts":["planning-mds/knowledge-graph/canonical-nodes.yaml","planning-mds/knowledge-graph/feature-mappings.yaml","planning-mds/knowledge-graph/code-index.yaml","planning-mds/knowledge-graph/coverage-report.yaml"]}
{"ts":"2026-07-03T18:06:03+05:30","cwd":"/Users/wallstreet48/nebula-feature-26/nebula-insurance-crm","cmd":"python3 scripts/kg/validate.py --check-drift","exit_code":0,"purpose":"post-G5 validate KG drift","artifacts":["planning-mds/knowledge-graph/canonical-nodes.yaml","planning-mds/knowledge-graph/feature-mappings.yaml","planning-mds/knowledge-graph/code-index.yaml","planning-mds/knowledge-graph/coverage-report.yaml"]}
{"ts":"2026-07-03T18:06:03+05:30","cwd":"/Users/wallstreet48/nebula-feature-26/nebula-agents","cmd":"python3 agents/scripts/validate_templates.py","exit_code":0,"purpose":"post-G5 validate harness prompt templates","artifacts":[]}
{"ts":"2026-07-03T18:06:03+05:30","cwd":"/Users/wallstreet48/nebula-feature-26/nebula-agents","cmd":"date -Iseconds","exit_code":0,"purpose":"capture closeout timestamp","artifacts":[]}
{"ts":"2026-07-03T18:06:03+05:30","cwd":"/Users/wallstreet48/nebula-feature-26","cmd":"git status --short","exit_code":128,"purpose":"attempt top-level workspace status before per-repo status","artifacts":[]}
{"ts":"2026-07-03T18:06:03+05:30","cwd":"/Users/wallstreet48/nebula-feature-26/nebula-insurance-crm","cmd":"git status --short","exit_code":0,"purpose":"capture final CRM working tree summary","artifacts":[]}
{"ts":"2026-07-03T18:06:03+05:30","cwd":"/Users/wallstreet48/nebula-feature-26/nebula-agents","cmd":"git status --short","exit_code":0,"purpose":"capture final agents working tree summary","artifacts":[]}
