# Lifecycle Gates Log — F0036 plan run 2026-05-25-51ff2a92

> Required per §8. Summary of validator/lifecycle invocations for this run. Sibling to `gate-decisions.md`; this file records what *ran*, gate-decisions records what *was decided*.

## Lifecycle Gate Run

Per-invocation rows below, appended as the run progresses.

## Command

The command line invoked, including arguments.

## Stage

The plan-action stage (`PRE-FLIGHT` / `G2 TRACKER SYNC (A)` / `B1 ONTOLOGY SYNC (B)` / `EXIT-VALIDATION`).

## Exit Code

Integer exit code from the invocation.

## Result

`PASS` / `FAIL` / `WARN`.

## Output References

Run-folder-relative paths to logs or report files generated by this invocation. Plan-action validators emit console output only; results are summarized here and mirrored in `commands.log`.

## Skipped Gates

`validate-feature-evidence.py` is intentionally skipped at plan (no feature evidence package exists yet; first `--stage G0` call happens during the feature action).

---

### PRE-FLIGHT
Command: python3 scripts/kg/validate.py
Stage: PRE-FLIGHT
Exit Code: 0
Result: PASS
Output References: console (24 features mapped, coverage fresh; 1 pre-existing warning: F0028/F0018 low-confidence edge)
Skipped Gates: validate-feature-evidence.py (plan action — no feature package yet)

### G2 TRACKER SYNC (A) — generate-story-index
Command: python3 agents/product-manager/scripts/generate-story-index.py {PRODUCT_ROOT}/planning-mds/features/
Stage: G2 TRACKER SYNC (A)
Exit Code: 0
Result: PASS
Output References: planning-mds/features/STORY-INDEX.md (133 story files indexed, +8 for F0036)
Skipped Gates: -

### G2 TRACKER SYNC (A) — validate-stories
Command: python3 agents/product-manager/scripts/validate-stories.py {PRODUCT_ROOT}/planning-mds/features/F0036-dynamic-product-attribute-form-engine/
Stage: G2 TRACKER SYNC (A)
Exit Code: 0
Result: PASS
Output References: console (8/8 F0036 stories pass; non-blocking INVEST warnings only)
Skipped Gates: -

### G2 TRACKER SYNC (A) — validate-trackers
Command: python3 agents/product-manager/scripts/validate-trackers.py
Stage: G2 TRACKER SYNC (A)
Exit Code: 0
Result: PASS
Output References: console (errors: 0, warnings: 0; validated=1, skipped pre-contract archived=17, retired-superseded=2)
Skipped Gates: -

### B1 ONTOLOGY SYNC (B) — write-coverage-report (first attempt, repaired)
Command: python3 scripts/kg/validate.py --write-coverage-report
Stage: B1 ONTOLOGY SYNC (B)
Exit Code: 1
Result: FAIL (repaired within one cycle)
Output References: console ("ID does not match feature pattern: story:F0034-*" etc.) — root cause: the F0036 feature-mappings insertion accidentally dropped the `stories:` section header, merging 109 story entries into `features:`. Repair: restored `stories:` header after the F0036 entry. No semantic change to F0036's binding.
Skipped Gates: -

### B1 ONTOLOGY SYNC (B) — write-coverage-report (post-repair)
Command: python3 scripts/kg/validate.py --write-coverage-report
Stage: B1 ONTOLOGY SYNC (B)
Exit Code: 0
Result: PASS
Output References: planning-mds/knowledge-graph/coverage-report.yaml (refreshed)
Skipped Gates: -

### B1 ONTOLOGY SYNC (B) — validate
Command: python3 scripts/kg/validate.py
Stage: B1 ONTOLOGY SYNC (B)
Exit Code: 0
Result: PASS
Output References: console (25 features mapped, 109 stories, 0 uncovered; pre-existing F0028 warning only)
Skipped Gates: -

### B1 ONTOLOGY SYNC (B) — check-drift
Command: python3 scripts/kg/validate.py --check-drift
Stage: B1 ONTOLOGY SYNC (B)
Exit Code: 0
Result: PASS
Output References: console (PASS; pre-existing warnings carried forward: F0028/F0018 low-confidence edge; Casbin (renewal,update) policy_rule gap — both predate F0036)
Skipped Gates: -

### EXIT-VALIDATION — validate-trackers
Command: python3 agents/product-manager/scripts/validate-trackers.py
Stage: EXIT-VALIDATION
Exit Code: 0
Result: PASS
Output References: console (errors: 0, warnings: 0, result PASS)
Skipped Gates: -

### EXIT-VALIDATION — generate-story-index
Command: python3 agents/product-manager/scripts/generate-story-index.py {PRODUCT_ROOT}/planning-mds/features/
Stage: EXIT-VALIDATION
Exit Code: 0
Result: PASS
Output References: planning-mds/features/STORY-INDEX.md (133 story files)
Skipped Gates: -

### EXIT-VALIDATION — kg check-drift
Command: python3 scripts/kg/validate.py --check-drift
Stage: EXIT-VALIDATION
Exit Code: 0
Result: PASS
Output References: console (PASS; pre-existing F0028 + Casbin warnings carried forward)
Skipped Gates: -

### EXIT-VALIDATION — validate_templates
Command: python3 agents/scripts/validate_templates.py
Stage: EXIT-VALIDATION
Exit Code: 0
Result: PASS
Output References: console ("prompt templates align with action contracts")
Skipped Gates: validate-feature-evidence.py (NOT invoked at plan — no feature evidence package exists; first --stage G0 call happens during the feature action)
