Lockfile is up to date, resolution step is skipped
Progress: resolved 1, reused 0, downloaded 0, added 0
Packages: +458
++++++++++++++++++++++++++++++++++++++++++++++++++++++++++++++++++++++++++++++++
Progress: resolved 458, reused 0, downloaded 17, added 16
Progress: resolved 458, reused 0, downloaded 21, added 21
 WARN  Tarball download average speed 28 KiB/s (size 34 KiB) is below 50 KiB/s: https://registry.npmjs.org/source-map-js/-/source-map-js-1.2.1.tgz (GET)
Progress: resolved 458, reused 0, downloaded 25, added 25
 WARN  Tarball download average speed 3 KiB/s (size 3 KiB) is below 50 KiB/s: https://registry.npmjs.org/@tailwindcss/oxide/-/oxide-4.2.0.tgz (GET)
Progress: resolved 458, reused 0, downloaded 27, added 27
 WARN  Tarball download average speed 8 KiB/s (size 9 KiB) is below 50 KiB/s: https://registry.npmjs.org/graceful-fs/-/graceful-fs-4.2.11.tgz (GET)
 WARN  Tarball download average speed 5 KiB/s (size 6 KiB) is below 50 KiB/s: https://registry.npmjs.org/js-tokens/-/js-tokens-4.0.0.tgz (GET)
 WARN  Tarball download average speed 5 KiB/s (size 11 KiB) is below 50 KiB/s: https://registry.npmjs.org/tapable/-/tapable-2.3.0.tgz (GET)
Progress: resolved 458, reused 0, downloaded 33, added 33
Progress: resolved 458, reused 0, downloaded 34, added 33
 WARN  Tarball download average speed 19 KiB/s (size 84 KiB) is below 50 KiB/s: https://registry.npmjs.org/lightningcss/-/lightningcss-1.31.1.tgz (GET)
 WARN  Tarball download average speed 12 KiB/s (size 79 KiB) is below 50 KiB/s: https://registry.npmjs.org/react/-/react-18.3.1.tgz (GET)
 WARN  Tarball download average speed 49 KiB/s (size 285 KiB) is below 50 KiB/s: https://registry.npmjs.org/@tanstack/query-core/-/query-core-5.90.20.tgz (GET)
Progress: resolved 458, reused 0, downloaded 79, added 76
Progress: resolved 458, reused 0, downloaded 159, added 130
Progress: resolved 458, reused 0, downloaded 239, added 199
 WARN  Tarball download average speed 20 KiB/s (size 181 KiB) is below 50 KiB/s: https://registry.npmjs.org/tailwindcss/-/tailwindcss-4.2.0.tgz (GET)
Progress: resolved 458, reused 0, downloaded 326, added 256
Progress: resolved 458, reused 0, downloaded 426, added 309
Progress: resolved 458, reused 0, downloaded 458, added 454
Progress: resolved 458, reused 0, downloaded 458, added 458, done

dependencies:
+ @tanstack/react-query 5.90.21
+ clsx 2.1.1
+ lucide-react 0.575.0
+ oidc-client-ts 3.4.1
+ react 18.3.1
+ react-dom 18.3.1
+ react-router-dom 7.13.0
+ tailwind-merge 2.6.1

devDependencies:
+ @eslint/js 9.39.3
+ @playwright/test 1.58.2
+ @tailwindcss/vite 4.2.0
+ @testing-library/jest-dom 6.9.1
+ @testing-library/react 16.3.2
+ @testing-library/user-event 14.6.1
+ @types/node 25.3.0
+ @types/react 18.3.28
+ @types/react-dom 18.3.7
+ @vitejs/plugin-react 4.7.0
+ @vitest/coverage-v8 2.1.9
+ eslint 9.39.3
+ eslint-plugin-react-hooks 5.2.0
+ eslint-plugin-react-refresh 0.4.26
+ globals 15.15.0
+ jest-axe 10.0.0
+ jsdom 26.1.0
+ msw 2.12.14
+ stylelint 17.4.0
+ stylelint-config-standard 40.0.0
+ stylelint-config-tailwindcss 1.0.1
+ tailwindcss 4.2.0
+ typescript 5.7.3
+ typescript-eslint 8.56.0
+ vite 6.4.1
+ vitest 2.1.9

╭ Warning ─────────────────────────────────────────────────────────────────────╮
│                                                                              │
│   Ignored build scripts: esbuild@0.21.5, esbuild@0.25.12, msw@2.12.14.       │
│   Run "pnpm approve-builds" to pick which dependencies should be allowed     │
│   to run scripts.                                                            │
│                                                                              │
╰──────────────────────────────────────────────────────────────────────────────╯
Done in 15.2s using pnpm v10.30.3
