{"schema_version":1,"timestamp":"2026-07-11T16:20:00-04:00","cwd":"{PRODUCT_ROOT}","command":"gh pr view 56 --json number,title,state,headRefName,baseRefName,author,additions,deletions,changedFiles,body","exit_code":0,"artifacts":[],"redactions":[]}
{"schema_version":1,"timestamp":"2026-07-11T16:22:00-04:00","cwd":"{PRODUCT_ROOT}","command":"gh pr view 56 --json files","exit_code":0,"artifacts":[],"redactions":[]}
{"schema_version":1,"timestamp":"2026-07-11T16:24:00-04:00","cwd":"{PRODUCT_ROOT}","command":"git fetch origin pull/56/head:pr-56","exit_code":0,"artifacts":[],"redactions":[]}
{"schema_version":1,"timestamp":"2026-07-11T16:25:00-04:00","cwd":"{PRODUCT_ROOT}","command":"git fetch origin main && git merge-base origin/main pr-56","exit_code":0,"artifacts":[],"redactions":[]}
{"schema_version":1,"timestamp":"2026-07-11T16:26:00-04:00","cwd":"{PRODUCT_ROOT}","command":"git diff --stat e2f78be...pr-56 -- engine/src experience/src","exit_code":0,"artifacts":[],"redactions":[]}
{"schema_version":1,"timestamp":"2026-07-11T16:30:00-04:00","cwd":"{PRODUCT_ROOT}","command":"git show pr-56:<scope-resolution, enforcement, repository, endpoint, DTO, validator source files>","exit_code":0,"artifacts":[],"redactions":[]}
{"schema_version":1,"timestamp":"2026-07-11T16:34:00-04:00","cwd":"{PRODUCT_ROOT}","command":"git grep -n CanRead(Broker|Territory|Producer|DistributionNode)Async pr-56 -- engine/**","exit_code":0,"artifacts":[],"redactions":[]}
{"schema_version":1,"timestamp":"2026-07-11T16:36:00-04:00","cwd":"{PRODUCT_ROOT}","command":"git grep -n ProjectionVisibilityResolver pr-56 -- engine/** ; git grep -n ProjectionVisibilityResolver e2f78be -- engine/**","exit_code":0,"artifacts":[],"redactions":[]}
{"schema_version":1,"timestamp":"2026-07-11T16:38:00-04:00","cwd":"{PRODUCT_ROOT}","command":"git diff e2f78be...pr-56 -- planning-mds/security/policies/policy.csv","exit_code":0,"artifacts":[],"redactions":[]}
{"schema_version":1,"timestamp":"2026-07-11T16:39:00-04:00","cwd":"{PRODUCT_ROOT}","command":"git show pr-56:engine/src/Nebula.Infrastructure/Nebula.Infrastructure.csproj (verify embedded policy.csv single-source-of-truth)","exit_code":0,"artifacts":[],"redactions":[]}
{"schema_version":1,"timestamp":"2026-07-11T16:42:00-04:00","cwd":"{PRODUCT_ROOT}","command":"git show pr-56:<unit/integration/e2e test files> ; git grep -l DistributionScopeRepository|OperationalReportProjectionRepository pr-56 -- engine/tests/**","exit_code":0,"artifacts":[],"redactions":[]}
{"schema_version":1,"timestamp":"2026-07-11T16:44:00-04:00","cwd":"{PRODUCT_ROOT}","command":"git show pr-56:planning-mds/features/archive/F0037-.../PRD.md ; git show pr-56:.../F0037-S0002-enforce-hierarchy-aware-read-scoping.md","exit_code":0,"artifacts":[],"redactions":[]}
{"schema_version":1,"timestamp":"2026-07-11T16:46:17-04:00","cwd":"{PRODUCT_ROOT}","command":"mkdir -p planning-mds/operations/evidence/runs/2026-07-11-17633f6b","exit_code":0,"artifacts":["planning-mds/operations/evidence/runs/2026-07-11-17633f6b/"],"redactions":[]}
{"schema_version":1,"timestamp":"2026-07-11T17:05:00-04:00","cwd":"{PRODUCT_ROOT}","command":"git checkout -b fix/F0037-scope-review pr-56","exit_code":0,"artifacts":[],"redactions":[]}
{"schema_version":1,"timestamp":"2026-07-11T17:20:00-04:00","cwd":"{PRODUCT_ROOT}","command":"[R1' fix cycle] edit ProjectionVisibility+DistributionScopeService+3 repositories for authority-union default view; delete dead ProjectionVisibilityResolver; add WHY on CanReadBrokerAsync","exit_code":0,"artifacts":["engine/src/Nebula.Application/DTOs/SearchDtos.cs","engine/src/Nebula.Application/Services/DistributionScopeService.cs","engine/src/Nebula.Infrastructure/Repositories/OperationalReportProjectionRepository.cs","engine/src/Nebula.Infrastructure/Repositories/SearchDocumentRepository.cs","engine/src/Nebula.Infrastructure/Repositories/BrokerInsightProjectionRepository.cs"],"redactions":[]}
{"schema_version":1,"timestamp":"2026-07-11T17:30:00-04:00","cwd":"{PRODUCT_ROOT}","command":"[R1' fix cycle] author CR-H2 DB integration test + update unit mocks/stubs/tests","exit_code":0,"artifacts":["engine/tests/Nebula.Tests/Integration/DistributionScopeReadScopingTests.cs","engine/tests/Nebula.Tests/Unit/SearchReporting/DistributionScopeServiceTests.cs","engine/tests/Nebula.Tests/Unit/SearchReporting/OperationalReportServiceTests.cs"],"redactions":[]}
{"schema_version":1,"timestamp":"2026-07-11T17:38:00-04:00","cwd":"engine","command":"dotnet build tests/Nebula.Tests/Nebula.Tests.csproj -c Debug","exit_code":0,"artifacts":[],"redactions":[]}
{"schema_version":1,"timestamp":"2026-07-11T17:42:00-04:00","cwd":"engine","command":"dotnet test tests/Nebula.Tests/Nebula.Tests.csproj --filter FullyQualifiedName~Nebula.Tests.Unit","exit_code":0,"artifacts":["engine/tests/Nebula.Tests/TestResults/coverage.cobertura.xml"],"redactions":[]}
{"schema_version":1,"timestamp":"2026-07-11T17:44:00-04:00","cwd":"engine","command":"[note] CR-H2 integration test DistributionScopeReadScopingTests requires Docker/Testcontainers — compiles locally, executes in CI (Docker unavailable in this environment)","exit_code":0,"artifacts":[],"redactions":[]}
{"schema_version":1,"timestamp":"2026-07-11T18:05:00-04:00","cwd":"{PRODUCT_ROOT}","command":"[R2 cycle-2 decision] user: approve + fix issues anyway (CR-L2/CR-L3/SEC-L1)","exit_code":0,"artifacts":[],"redactions":[]}
{"schema_version":1,"timestamp":"2026-07-11T18:20:00-04:00","cwd":"{PRODUCT_ROOT}","command":"[CR-L3] refactor ProjectionVisibility to carry authority-union + Requested* narrowing sets; unify repo predicates; update service + 3 repos + mocks/stubs","exit_code":0,"artifacts":["engine/src/Nebula.Application/DTOs/SearchDtos.cs","engine/src/Nebula.Application/Services/DistributionScopeService.cs","engine/src/Nebula.Infrastructure/Repositories/OperationalReportProjectionRepository.cs","engine/src/Nebula.Infrastructure/Repositories/SearchDocumentRepository.cs","engine/src/Nebula.Infrastructure/Repositories/BrokerInsightProjectionRepository.cs"],"redactions":[]}
{"schema_version":1,"timestamp":"2026-07-11T18:30:00-04:00","cwd":"{PRODUCT_ROOT}","command":"[CR-L2] frontend renders '—' for metrics not applicable to the selected metric family; StatTile accepts null; +2 view tests","exit_code":0,"artifacts":["experience/src/features/reports/components/DistributionRollupReportView.tsx","experience/src/features/reports/components/ReportShared.tsx","experience/src/features/reports/components/__tests__/DistributionRollupReportView.test.tsx"],"redactions":[]}
{"schema_version":1,"timestamp":"2026-07-11T18:36:00-04:00","cwd":"{PRODUCT_ROOT}","command":"[SEC-L1] DistributionScopeService logs a structured warning on out-of-authority scope denial (optional ILogger; no info disclosed to caller)","exit_code":0,"artifacts":["engine/src/Nebula.Application/Services/DistributionScopeService.cs"],"redactions":[]}
{"schema_version":1,"timestamp":"2026-07-11T18:40:00-04:00","cwd":"engine","command":"dotnet build tests/Nebula.Tests/Nebula.Tests.csproj -c Debug && dotnet test --filter FullyQualifiedName~Nebula.Tests.Unit","exit_code":0,"artifacts":["engine/tests/Nebula.Tests/TestResults/coverage.cobertura.xml"],"redactions":[]}
{"schema_version":1,"timestamp":"2026-07-11T18:44:00-04:00","cwd":"experience","command":"npx tsc -b --noEmit && npx vitest run src/features/reports","exit_code":0,"artifacts":[],"redactions":[]}
