2026-07-19T13:52:06-04:00 G1 CLARIFICATION PASS - Operator resolved the five-question decision set; no blocking Phase A clarification remains.
2026-07-19T13:54:48-04:00 G2 TRACKER SYNC(A) PASS - REGISTRY/ROADMAP/BLUEPRINT/STORY-INDEX/STATUS/KG mappings synchronized; story and tracker validators are green.
2026-07-19T13:55:29-04:00 G3 PHASE A APPROVAL PENDING_USER_APPROVAL - Manual checkpoint approve-phase-a registered; Phase B is blocked until explicit operator approval.
2026-07-19T13:58:00-04:00 G2 TRACKER SYNC(A) REVALIDATION - Operator promoted F0026 from Later to Now before Phase A approval; authored roadmap source recompiled.
2026-07-19T13:58:56-04:00 G2 TRACKER SYNC(A) PASS - Generated ROADMAP places F0026 in Now; tracker validation passed with zero errors and zero warnings.
2026-07-19T13:59:43-04:00 G3 PHASE A APPROVAL PENDING_USER_APPROVAL - Corrected Now sequencing is included; manual approve-phase-a checkpoint remains paused without attestation.
2026-07-19T14:01:28-04:00 G3 PHASE A APPROVAL PASS - Explicit operator token `lets do Phase B` attested against gate-decisions.md; Architect phase authorized.
2026-07-19T16:10:46-04:00 G4 ONTOLOGY SYNC(B) PASS - Authored F0026 KG source compiled and kg drift validation exited 0.
2026-07-19T16:11:00-04:00 G5 EXIT VALIDATION INPUT_REPAIR - Initial driver invocation resolved `F0026-None`; no validator logic ran. Corrected replay supplied the contract slug.
2026-07-19T16:11:27-04:00 G5 EXIT VALIDATION PASS - All six commands completed in required order with exit 0; manual approve-phase-b checkpoint pending.
2026-07-19T16:15:11-04:00 G5 PHASE B APPROVAL PASS - Explicit operator token `approve` attested against gate-decisions.md with Architect ownership.
2026-07-19T16:16:23-04:00 PLAN COMPLETE - G1 through G5 completed; Phase A and Phase B approved; F0026 remains Planned / Now and is ready for feature action.

### G4
Command: python3 /home/gajap/uSandbox/repos/nebula/nebula-insurance-crm/scripts/kg/validate.py --check-drift
Stage: G4
Exit Code: 0
Result: PASS
Output References: -
Skipped Gates: -

### G5
Command: python3 agents/product-manager/scripts/validate-stories.py /home/gajap/uSandbox/repos/nebula/nebula-insurance-crm/planning-mds/features/F0026-None
Stage: G5
Exit Code: 1
Result: FAIL
Output References: -
Skipped Gates: -

### G5
Command: python3 agents/product-manager/scripts/validate-stories.py /home/gajap/uSandbox/repos/nebula/nebula-insurance-crm/planning-mds/features/F0026-billing-invoicing-and-reconciliation
Stage: G5
Exit Code: 0
Result: PASS
Output References: -
Skipped Gates: -

### G5
Command: python3 agents/product-manager/scripts/generate-story-index.py /home/gajap/uSandbox/repos/nebula/nebula-insurance-crm/planning-mds/features/
Stage: G5
Exit Code: 0
Result: PASS
Output References: -
Skipped Gates: -

### G5
Command: python3 agents/product-manager/scripts/validate-trackers.py --product-root /home/gajap/uSandbox/repos/nebula/nebula-insurance-crm --skip-feature-evidence
Stage: G5
Exit Code: 0
Result: PASS
Output References: -
Skipped Gates: -

### G5
Command: python3 /home/gajap/uSandbox/repos/nebula/nebula-insurance-crm/scripts/kg/validate.py --write-coverage-report
Stage: G5
Exit Code: 0
Result: PASS
Output References: -
Skipped Gates: -

### G5
Command: python3 /home/gajap/uSandbox/repos/nebula/nebula-insurance-crm/scripts/kg/validate.py --check-drift
Stage: G5
Exit Code: 0
Result: PASS
Output References: -
Skipped Gates: -

### G5
Command: python3 agents/scripts/validate_templates.py
Stage: G5
Exit Code: 0
Result: PASS
Output References: -
Skipped Gates: -

### G5
Command: python3 agents/product-manager/scripts/validate-stories.py /home/gajap/uSandbox/repos/nebula/nebula-insurance-crm/planning-mds/features/F0026-billing-invoicing-and-reconciliation
Stage: G5
Exit Code: 0
Result: PASS
Output References: -
Skipped Gates: -

### G5
Command: python3 agents/product-manager/scripts/generate-story-index.py /home/gajap/uSandbox/repos/nebula/nebula-insurance-crm/planning-mds/features/
Stage: G5
Exit Code: 0
Result: PASS
Output References: -
Skipped Gates: -

### G5
Command: python3 agents/product-manager/scripts/validate-trackers.py --product-root /home/gajap/uSandbox/repos/nebula/nebula-insurance-crm --skip-feature-evidence
Stage: G5
Exit Code: 0
Result: PASS
Output References: -
Skipped Gates: -

### G5
Command: python3 /home/gajap/uSandbox/repos/nebula/nebula-insurance-crm/scripts/kg/validate.py --write-coverage-report
Stage: G5
Exit Code: 0
Result: PASS
Output References: -
Skipped Gates: -

### G5
Command: python3 /home/gajap/uSandbox/repos/nebula/nebula-insurance-crm/scripts/kg/validate.py --check-drift
Stage: G5
Exit Code: 0
Result: PASS
Output References: -
Skipped Gates: -

### G5
Command: python3 agents/scripts/validate_templates.py
Stage: G5
Exit Code: 0
Result: PASS
Output References: -
Skipped Gates: -

### G5
Command: python3 agents/product-manager/scripts/validate-stories.py /home/gajap/uSandbox/repos/nebula/nebula-insurance-crm/planning-mds/features/F0026-billing-invoicing-and-reconciliation
Stage: G5
Exit Code: 0
Result: PASS
Output References: -
Skipped Gates: -

### G5
Command: python3 agents/product-manager/scripts/generate-story-index.py /home/gajap/uSandbox/repos/nebula/nebula-insurance-crm/planning-mds/features/
Stage: G5
Exit Code: 0
Result: PASS
Output References: -
Skipped Gates: -

### G5
Command: python3 agents/product-manager/scripts/validate-trackers.py --product-root /home/gajap/uSandbox/repos/nebula/nebula-insurance-crm --skip-feature-evidence
Stage: G5
Exit Code: 0
Result: PASS
Output References: -
Skipped Gates: -

### G5
Command: python3 /home/gajap/uSandbox/repos/nebula/nebula-insurance-crm/scripts/kg/validate.py --write-coverage-report
Stage: G5
Exit Code: 0
Result: PASS
Output References: -
Skipped Gates: -

### G5
Command: python3 /home/gajap/uSandbox/repos/nebula/nebula-insurance-crm/scripts/kg/validate.py --check-drift
Stage: G5
Exit Code: 0
Result: PASS
Output References: -
Skipped Gates: -

### G5
Command: python3 agents/scripts/validate_templates.py
Stage: G5
Exit Code: 0
Result: PASS
Output References: -
Skipped Gates: -
