{"schema_version": 1, "timestamp": "2026-06-06T09:56:17-04:00", "cwd": "{PRODUCT_ROOT}", "command": "python3 scripts/kg/validate.py", "exit_code": 0, "artifacts": [], "redactions": [], "note": "prerequisite baseline \u2014 PASS"}
{"schema_version": 1, "timestamp": "2026-06-06T09:56:17-04:00", "cwd": "{PRODUCT_ROOT}", "command": "python3 scripts/kg/lookup.py F0017", "exit_code": 0, "artifacts": [], "redactions": [], "note": "F0017 excluded; no mapping yet"}
{"schema_version": 1, "timestamp": "2026-06-06T09:56:17-04:00", "cwd": "{PRODUCT_ROOT}", "command": "date +%F; python3 -c 'import secrets; print(secrets.token_hex(4))'", "exit_code": 0, "artifacts": [], "redactions": [], "note": "PLAN_RUN_ID = 2026-06-06-5fb353e9"}
{"schema_version": 1, "timestamp": "2026-06-06T09:56:17-04:00", "cwd": "{PRODUCT_ROOT}", "command": "mkdir -p planning-mds/operations/evidence/runs/2026-06-06-5fb353e9", "exit_code": 0, "artifacts": ["planning-mds/operations/evidence/runs/2026-06-06-5fb353e9/"], "redactions": []}
{"schema_version": 1, "timestamp": "2026-06-06T09:56:17-04:00", "cwd": "{PRODUCT_ROOT}", "command": ": > commands.log; : > lifecycle-gates.log", "exit_code": 0, "artifacts": ["planning-mds/operations/evidence/runs/2026-06-06-5fb353e9/commands.log", "planning-mds/operations/evidence/runs/2026-06-06-5fb353e9/lifecycle-gates.log"], "redactions": []}
{"schema_version": 1, "timestamp": "2026-06-06T11:30:14-04:00", "cwd": "{PRODUCT_ROOT}", "command": "python3 scripts/kg/validate.py  # after F0017 PM stub", "exit_code": 1, "artifacts": [], "redactions": [], "note": "stale coverage-report (expected after KG change)"}
{"schema_version": 1, "timestamp": "2026-06-06T11:30:14-04:00", "cwd": "{PRODUCT_ROOT}", "command": "python3 scripts/kg/validate.py --write-coverage-report", "exit_code": 0, "artifacts": ["planning-mds/knowledge-graph/coverage-report.yaml"], "redactions": [], "note": "regenerated for F0017 mapping"}
{"schema_version": 1, "timestamp": "2026-06-06T11:30:14-04:00", "cwd": "{PRODUCT_ROOT}", "command": "python3 scripts/kg/validate.py", "exit_code": 0, "artifacts": [], "redactions": [], "note": "PASS \u2014 26 mapped, 10 excluded, 0 uncovered"}
{"schema_version": 1, "timestamp": "2026-06-06T11:30:14-04:00", "cwd": "{PRODUCT_ROOT}", "command": "python3 scripts/kg/validate.py --check-drift", "exit_code": 0, "artifacts": [], "redactions": [], "note": "PASS"}
{"schema_version": 1, "timestamp": "2026-06-06T11:30:14-04:00", "cwd": "{PRODUCT_ROOT}", "command": "python3 agents/product-manager/scripts/generate-story-index.py planning-mds/features/", "exit_code": 0, "artifacts": ["planning-mds/features/STORY-INDEX.md"], "redactions": [], "note": "146 stories indexed"}
{"schema_version": 1, "timestamp": "2026-06-06T11:30:14-04:00", "cwd": "{PRODUCT_ROOT}", "command": "python3 agents/product-manager/scripts/validate-stories.py planning-mds/features/F0017-broker-mga-hierarchy-and-producer-ownership/", "exit_code": 0, "artifacts": [], "redactions": [], "note": "5 stories PASS, 0 warnings"}
{"schema_version": 1, "timestamp": "2026-06-06T11:30:14-04:00", "cwd": "{PRODUCT_ROOT}", "command": "python3 agents/product-manager/scripts/validate-trackers.py", "exit_code": 0, "artifacts": [], "redactions": [], "note": "PASS \u2014 errors 0, warnings 0"}
{"schema_version": 1, "timestamp": "2026-06-06T11:47:16-04:00", "cwd": "{PRODUCT_ROOT}", "command": "# G3 iteration (operator request): F0017->Now, create F0037 placeholder for deferred scope", "exit_code": 0, "artifacts": ["planning-mds/features/F0037-hierarchy-aware-access-scoping-and-distribution-rollups/", "planning-mds/features/ROADMAP.md", "planning-mds/features/REGISTRY.md"], "redactions": []}
{"schema_version": 1, "timestamp": "2026-06-06T11:47:16-04:00", "cwd": "{PRODUCT_ROOT}", "command": "python3 scripts/kg/validate.py --write-coverage-report", "exit_code": 0, "artifacts": ["planning-mds/knowledge-graph/coverage-report.yaml"], "redactions": [], "note": "F0037 added to excluded"}
{"schema_version": 1, "timestamp": "2026-06-06T11:47:16-04:00", "cwd": "{PRODUCT_ROOT}", "command": "python3 scripts/kg/validate.py", "exit_code": 0, "artifacts": [], "redactions": [], "note": "PASS \u2014 26 mapped, 11 excluded, 0 uncovered"}
{"schema_version": 1, "timestamp": "2026-06-06T11:47:16-04:00", "cwd": "{PRODUCT_ROOT}", "command": "python3 scripts/kg/validate.py --check-drift", "exit_code": 0, "artifacts": [], "redactions": [], "note": "PASS"}
{"schema_version": 1, "timestamp": "2026-06-06T11:47:16-04:00", "cwd": "{PRODUCT_ROOT}", "command": "python3 agents/product-manager/scripts/generate-story-index.py planning-mds/features/", "exit_code": 0, "artifacts": ["planning-mds/features/STORY-INDEX.md"], "redactions": []}
{"schema_version": 1, "timestamp": "2026-06-06T11:47:16-04:00", "cwd": "{PRODUCT_ROOT}", "command": "python3 agents/product-manager/scripts/validate-stories.py planning-mds/features/F0037-hierarchy-aware-access-scoping-and-distribution-rollups/", "exit_code": 0, "artifacts": [], "redactions": [], "note": "placeholder \u2014 no story files yet"}
{"schema_version": 1, "timestamp": "2026-06-06T11:47:16-04:00", "cwd": "{PRODUCT_ROOT}", "command": "python3 agents/product-manager/scripts/validate-trackers.py", "exit_code": 0, "artifacts": [], "redactions": [], "note": "PASS \u2014 F0037 registry/roadmap accepted, 0 errors/0 warnings"}
{"schema_version": 1, "timestamp": "2026-06-06T11:57:47-04:00", "cwd": "{PRODUCT_ROOT}", "command": "# ROADMAP Next reorder (operator 'pull substrate forward'): F0023,F0022,F0021,F0031,F0027,F0032", "exit_code": 0, "artifacts": ["planning-mds/features/ROADMAP.md"], "redactions": []}
{"schema_version": 1, "timestamp": "2026-06-06T11:57:47-04:00", "cwd": "{PRODUCT_ROOT}", "command": "python3 agents/product-manager/scripts/validate-trackers.py", "exit_code": 0, "artifacts": [], "redactions": [], "note": "PASS after Next reorder"}
{"schema_version": 1, "timestamp": "2026-06-06T12:03:36-04:00", "cwd": "{PRODUCT_ROOT}", "command": "# ROADMAP: F0037 promoted Later->Next after F0023 (operator). Next: F0023,F0037,F0022,F0021,F0031,F0027,F0032", "exit_code": 0, "artifacts": ["planning-mds/features/ROADMAP.md"], "redactions": []}
{"schema_version": 1, "timestamp": "2026-06-06T12:03:36-04:00", "cwd": "{PRODUCT_ROOT}", "command": "python3 agents/product-manager/scripts/validate-trackers.py", "exit_code": 0, "artifacts": [], "redactions": [], "note": "PASS after F0037 promotion"}
{"schema_version": 1, "timestamp": "2026-06-06T13:27:13-04:00", "cwd": "{PRODUCT_ROOT}", "command": "# Phase B: ADR-026 + data-model \u00a79 + canonical-nodes (entities/capabilities/adr:026) + feature-mappings F0017 bindings + 5 story mappings", "exit_code": 0, "artifacts": ["planning-mds/architecture/decisions/ADR-026-broker-mga-hierarchy-producer-ownership-and-territory.md", "planning-mds/architecture/data-model.md", "planning-mds/knowledge-graph/canonical-nodes.yaml", "planning-mds/knowledge-graph/feature-mappings.yaml"], "redactions": []}
{"schema_version": 1, "timestamp": "2026-06-06T13:27:13-04:00", "cwd": "{PRODUCT_ROOT}", "command": "python3 scripts/kg/validate.py --write-coverage-report", "exit_code": 0, "artifacts": ["planning-mds/knowledge-graph/coverage-report.yaml"], "redactions": [], "note": "G4 ontology sync"}
{"schema_version": 1, "timestamp": "2026-06-06T13:27:13-04:00", "cwd": "{PRODUCT_ROOT}", "command": "python3 scripts/kg/validate.py", "exit_code": 0, "artifacts": [], "redactions": [], "note": "G4 PASS \u2014 26 mapped, 11 excluded, 0 uncovered"}
{"schema_version": 1, "timestamp": "2026-06-06T13:27:13-04:00", "cwd": "{PRODUCT_ROOT}", "command": "python3 scripts/kg/validate.py --check-drift", "exit_code": 0, "artifacts": [], "redactions": [], "note": "G4 PASS \u2014 no drift"}
{"schema_version": 1, "timestamp": "2026-06-06T13:27:13-04:00", "cwd": "{PRODUCT_ROOT}", "command": "python3 -c \"import yaml; yaml.safe_load(open('planning-mds/knowledge-graph/feature-mappings.yaml'))\"", "exit_code": 0, "artifacts": [], "redactions": [], "note": "YAML parses: 26 features, 122 stories"}
{"schema_version": 1, "timestamp": "2026-06-06T13:44:35-04:00", "cwd": "{PRODUCT_ROOT}", "command": "# G5 APPROVED \u2014 plan closeout exit-validation suite", "exit_code": 0, "artifacts": [], "redactions": []}
{"schema_version": 1, "timestamp": "2026-06-06T13:44:35-04:00", "cwd": "{PRODUCT_ROOT}", "command": "python3 agents/product-manager/scripts/validate-stories.py planning-mds/features/F0017-broker-mga-hierarchy-and-producer-ownership", "exit_code": 0, "artifacts": [], "redactions": [], "note": "5 stories PASS, no issues"}
{"schema_version": 1, "timestamp": "2026-06-06T13:44:35-04:00", "cwd": "{PRODUCT_ROOT}", "command": "python3 agents/product-manager/scripts/generate-story-index.py planning-mds/features/", "exit_code": 0, "artifacts": ["planning-mds/features/STORY-INDEX.md"], "redactions": []}
{"schema_version": 1, "timestamp": "2026-06-06T13:44:35-04:00", "cwd": "{PRODUCT_ROOT}", "command": "python3 agents/product-manager/scripts/validate-trackers.py", "exit_code": 0, "artifacts": [], "redactions": [], "note": "PASS"}
{"schema_version": 1, "timestamp": "2026-06-06T13:44:35-04:00", "cwd": "{PRODUCT_ROOT}", "command": "python3 scripts/kg/validate.py --write-coverage-report", "exit_code": 0, "artifacts": ["planning-mds/knowledge-graph/coverage-report.yaml"], "redactions": []}
{"schema_version": 1, "timestamp": "2026-06-06T13:44:35-04:00", "cwd": "{PRODUCT_ROOT}", "command": "python3 scripts/kg/validate.py", "exit_code": 0, "artifacts": [], "redactions": [], "note": "PASS \u2014 26 mapped, 11 excluded, 0 uncovered"}
{"schema_version": 1, "timestamp": "2026-06-06T13:44:35-04:00", "cwd": "{PRODUCT_ROOT}", "command": "python3 scripts/kg/validate.py --check-drift", "exit_code": 0, "artifacts": [], "redactions": [], "note": "PASS"}
{"schema_version": 1, "timestamp": "2026-06-06T13:44:35-04:00", "cwd": "{PRODUCT_ROOT}", "command": "python3 agents/scripts/validate_templates.py", "exit_code": 0, "artifacts": [], "redactions": [], "note": "PASS \u2014 templates align with action contracts"}
