# Lifecycle Gates Log - F0008-broker-insights run 2026-07-03-fd732693

## Lifecycle Gate Run

### G0

Command: python3 agents/product-manager/scripts/validate-feature-evidence.py --product-root ../nebula-insurance-crm --feature F0008 --run-id 2026-07-03-fd732693 --stage G0
Stage: G0
Exit Code: 1
Result: FAIL
Output References: validator console output; repaired evidence-shape issues before rerun
Skipped Gates: -

### G0 Rerun 1

Command: python3 agents/product-manager/scripts/validate-feature-evidence.py --product-root ../nebula-insurance-crm --feature F0008 --run-id 2026-07-03-fd732693 --stage G0
Stage: G0
Exit Code: 1
Result: FAIL
Output References: validator console output; manifest changed_paths repaired before rerun
Skipped Gates: -

### G0 Rerun 2

Command: python3 agents/product-manager/scripts/validate-feature-evidence.py --product-root ../nebula-insurance-crm --feature F0008 --run-id 2026-07-03-fd732693 --stage G0
Stage: G0
Exit Code: 0
Result: PASS
Output References: validator console output; warning `commands_log_absolute_cwd_warns`
Skipped Gates: -

### G1 Preflight

Command: docker compose ps; curl -i http://localhost:8080/healthz
Stage: G1
Exit Code: 0
Result: PASS
Output References: g1-runtime-preflight.md
Skipped Gates: -

### G1 Validator

Command: python3 agents/product-manager/scripts/validate-feature-evidence.py --product-root ../nebula-insurance-crm --feature F0008 --run-id 2026-07-03-fd732693 --stage G1
Stage: G1
Exit Code: 0
Result: PASS
Output References: validator console output; warning `commands_log_absolute_cwd_warns`
Skipped Gates: -

### G2 Implementation Verification

Command: dotnet test; pnpm vitest; pnpm build; dotnet build
Stage: G2
Exit Code: 0
Result: PASS
Output References: test-execution-report.md; coverage-report.md; deployability-check.md
Skipped Gates: dependency audit and authenticated DAST waived in manifest security_scans

### G2 Validator

Command: python3 agents/product-manager/scripts/validate-feature-evidence.py --product-root ../nebula-insurance-crm --feature F0008 --run-id 2026-07-03-fd732693 --stage G2
Stage: G2
Exit Code: 0
Result: PASS
Output References: validator console output; warning `commands_log_absolute_cwd_warns`
Skipped Gates: -

### G3 Reviews

Command: code-review-report.md; security-review-report.md
Stage: G3
Exit Code: 0
Result: PASS
Output References: code-review-report.md; security-review-report.md
Skipped Gates: -

### G3 Validator

Command: python3 agents/product-manager/scripts/validate-feature-evidence.py --product-root ../nebula-insurance-crm --feature F0008 --run-id 2026-07-03-fd732693 --stage G3
Stage: G3
Exit Code: 0
Result: PASS
Output References: validator console output; warning `commands_log_absolute_cwd_warns`
Skipped Gates: -

### G4 Operator Approval

Command: operator approval message `approved`
Stage: G4
Exit Code: 0
Result: PASS
Output References: gate-decisions.md
Skipped Gates: -

### G4 Validator

Command: python3 agents/product-manager/scripts/validate-feature-evidence.py --product-root ../nebula-insurance-crm --feature F0008 --run-id 2026-07-03-fd732693 --stage G4
Stage: G4
Exit Code: 0
Result: PASS
Output References: validator console output; warning `commands_log_absolute_cwd_warns`
Skipped Gates: -

### G5 Signoff

Command: STATUS.md signoff rows; signoff-ledger.md
Stage: G5
Exit Code: 0
Result: PASS
Output References: signoff-ledger.md
Skipped Gates: -

### G5 Validator

Command: python3 agents/product-manager/scripts/validate-feature-evidence.py --product-root ../nebula-insurance-crm --feature F0008 --run-id 2026-07-03-fd732693 --stage G5
Stage: G5
Exit Code: 0
Result: PASS
Output References: validator console output; warning `commands_log_absolute_cwd_warns`
Skipped Gates: -

### G6 Candidate Evidence

Command: feature-action-execution.md
Stage: G6
Exit Code: 0
Result: PASS
Output References: feature-action-execution.md
Skipped Gates: -

### G6 Validator

Command: python3 agents/product-manager/scripts/validate-feature-evidence.py --product-root ../nebula-insurance-crm --feature F0008 --run-id 2026-07-03-fd732693 --stage G6
Stage: G6
Exit Code: 0
Result: PASS
Output References: validator console output; warning `commands_log_absolute_cwd_warns`
Skipped Gates: -

### G7 KG Reconciliation

Command: python3 scripts/kg/lookup.py F0008; python3 scripts/kg/validate.py --write-coverage-report
Stage: G7
Exit Code: 0
Result: PASS
Output References: kg-reconciliation.md
Skipped Gates: -

### G7 Validator

Command: python3 agents/product-manager/scripts/validate-feature-evidence.py --product-root ../nebula-insurance-crm --feature F0008 --run-id 2026-07-03-fd732693 --stage G7
Stage: G7
Exit Code: 0
Result: PASS
Output References: validator console output; warning `commands_log_absolute_cwd_warns`
Skipped Gates: -

### G8 PM Closeout

Command: pm-closeout.md; latest-run.json; evidence-manifest.json approved
Stage: G8
Exit Code: 0
Result: PASS
Output References: pm-closeout.md; planning-mds/operations/evidence/features/F0008-broker-insights/latest-run.json
Skipped Gates: -

### G8 Tracker Sync

Command: tracker-sync latest-run.json and STATUS.md
Stage: G8
Exit Code: 0
Result: PASS
Output References: planning-mds/operations/evidence/features/F0008-broker-insights/latest-run.json; planning-mds/features/archive/F0008-broker-insights/STATUS.md
Skipped Gates: -

### G8 Validator

Command: python3 agents/product-manager/scripts/validate-feature-evidence.py --product-root ../nebula-insurance-crm --feature F0008 --run-id 2026-07-03-fd732693 --stage G8
Stage: G8
Exit Code: 0
Result: PASS
Output References: validator console output; warning `commands_log_absolute_cwd_warns`
Skipped Gates: -

## Command

Recorded per invocation above.

## Stage

Recorded per invocation above.

## Exit Code

Recorded per invocation above.

## Result

Recorded per invocation above.

## Output References

Recorded per invocation above.

## Skipped Gates

None.

### G8 Archive Correction

Command: mv planning-mds/features/F0008-broker-insights planning-mds/features/archive/F0008-broker-insights; tracker/KG/evidence path repair
Stage: G8
Exit Code: 0
Result: PASS
Output References: pm-closeout.md; evidence-manifest.json; planning-mds/features/archive/F0008-broker-insights/STATUS.md
Skipped Gates: -

### G8 Story Index Regeneration

Command: python3 agents/product-manager/scripts/generate-story-index.py /Users/wallstreet48/nebula-feature-26/nebula-insurance-crm/planning-mds/features/
Stage: G8
Exit Code: 0
Result: PASS
Output References: planning-mds/features/STORY-INDEX.md
Skipped Gates: -

### G8 Post-Archive KG Coverage

Command: python3 scripts/kg/validate.py --write-coverage-report
Stage: G8
Exit Code: 0
Result: PASS
Output References: planning-mds/knowledge-graph/coverage-report.yaml
Skipped Gates: -

### G8 Post-Archive KG Drift

Command: python3 scripts/kg/validate.py --check-drift
Stage: G8
Exit Code: 0
Result: PASS
Output References: validator console output; pre-existing symbol warnings only
Skipped Gates: -

### G8 Post-Archive Tracker Validation

Command: python3 agents/product-manager/scripts/validate-trackers.py --product-root /Users/wallstreet48/nebula-feature-26/nebula-insurance-crm --feature F0008 --run-id 2026-07-03-fd732693
Stage: G8
Exit Code: 0
Result: PASS
Output References: validator console output; warning `commands_log_absolute_cwd_warns`
Skipped Gates: -

### G8 Post-Archive Closeout Validation

Command: python3 agents/product-manager/scripts/validate-feature-evidence.py --product-root /Users/wallstreet48/nebula-feature-26/nebula-insurance-crm --feature F0008 --run-id 2026-07-03-fd732693 --stage closeout
Stage: G8
Exit Code: 0
Result: PASS
Output References: artifacts/feature-evidence-validation.json; warning `commands_log_absolute_cwd_warns`
Skipped Gates: -

### G8 Template Validation

Command: python3 agents/scripts/validate_templates.py
Stage: G8
Exit Code: 0
Result: PASS
Output References: validator console output
Skipped Gates: -
