{"schema_version":1,"timestamp":"2026-07-06T00:00:00+05:30","cwd":"nebula-agents","command":"python3 -c \"import datetime,secrets; print(f'{datetime.date.today().isoformat()}-{secrets.token_hex(4)}')\"","exit_code":0,"artifacts":[],"redactions":[]}
{"schema_version":1,"timestamp":"2026-07-06T00:00:00+05:30","cwd":"nebula-agents","command":"sed -n '1,220p' agents/templates/artifact-trace-template.md","exit_code":0,"artifacts":[],"redactions":[]}
{"schema_version":1,"timestamp":"2026-07-06T00:00:00+05:30","cwd":"nebula-agents","command":"sed -n '1,220p' agents/templates/gate-decisions-template.md","exit_code":0,"artifacts":[],"redactions":[]}
{"schema_version":1,"timestamp":"2026-07-06T00:00:00+05:30","cwd":"nebula-agents","command":"sed -n '1,220p' agents/templates/commands-log-template.md","exit_code":0,"artifacts":[],"redactions":[]}
{"schema_version":1,"timestamp":"2026-07-06T00:00:00+05:30","cwd":"nebula-agents","command":"sed -n '1,220p' agents/templates/lifecycle-gates-log-template.md","exit_code":0,"artifacts":[],"redactions":[]}
{"schema_version":1,"timestamp":"2026-07-06T00:00:00+05:30","cwd":"{PRODUCT_ROOT}","command":"mkdir -p planning-mds/operations/evidence/runs/2026-07-06-6e3851ab","exit_code":0,"artifacts":["planning-mds/operations/evidence/runs/2026-07-06-6e3851ab"],"redactions":[]}
{"schema_version":1,"timestamp":"2026-07-06T00:00:00+05:30","cwd":"nebula-agents","command":"sed -n '1,260p' agents/product-manager/scripts/validate-trackers.py","exit_code":0,"artifacts":[],"redactions":[]}
{"schema_version":1,"timestamp":"2026-07-06T00:00:00+05:30","cwd":"nebula-agents","command":"sed -n '260,620p' agents/product-manager/scripts/validate-trackers.py","exit_code":0,"artifacts":[],"redactions":[]}
{"schema_version":1,"timestamp":"2026-07-06T00:00:00+05:30","cwd":"nebula-agents","command":"rg -n \"validate-feature-evidence|skip-feature-evidence|run-id|feature\" agents/product-manager/scripts/validate-trackers.py agents/product-manager/scripts/tests","exit_code":0,"artifacts":[],"redactions":[]}
{"schema_version":1,"timestamp":"2026-07-06T00:00:00+05:30","cwd":"nebula-agents","command":"sed -n '780,900p' agents/product-manager/scripts/validate-trackers.py","exit_code":0,"artifacts":[],"redactions":[]}
{"schema_version":1,"timestamp":"2026-07-06T00:00:00+05:30","cwd":"nebula-agents","command":".venv/bin/python -m pytest agents/product-manager/scripts/tests/test_validate_trackers_plan_mode.py","exit_code":1,"artifacts":[],"redactions":[]}
{"schema_version":1,"timestamp":"2026-07-06T00:00:00+05:30","cwd":"nebula-agents","command":".venv/bin/python agents/product-manager/scripts/validate-trackers.py --product-root /private/var/folders/lc/sx4nxgsj2sj4h72ln3ws561h0000gn/T/pytest-of-srinivasubezawada/pytest-0/test_planned_feature_without_e0/product --feature F0037","exit_code":1,"artifacts":[],"redactions":[]}
{"schema_version":1,"timestamp":"2026-07-06T00:00:00+05:30","cwd":"nebula-agents","command":".venv/bin/python -m pytest agents/product-manager/scripts/tests/test_validate_trackers_plan_mode.py","exit_code":0,"artifacts":[],"redactions":[]}
{"schema_version":1,"timestamp":"2026-07-06T00:00:00+05:30","cwd":"{PRODUCT_ROOT}","command":".venv/bin/python scripts/kg/validate.py --write-coverage-report","exit_code":0,"artifacts":["planning-mds/knowledge-graph/coverage-report.yaml"],"redactions":[]}
{"schema_version":1,"timestamp":"2026-07-06T00:00:00+05:30","cwd":"{PRODUCT_ROOT}","command":".venv/bin/python scripts/kg/validate.py","exit_code":0,"artifacts":[],"redactions":[]}
{"schema_version":1,"timestamp":"2026-07-06T00:00:00+05:30","cwd":"{PRODUCT_ROOT}","command":".venv/bin/python scripts/kg/validate.py --check-drift","exit_code":0,"artifacts":[],"redactions":[]}
{"schema_version":1,"timestamp":"2026-07-06T00:00:00+05:30","cwd":"nebula-agents","command":".venv/bin/python agents/product-manager/scripts/validate-trackers.py --product-root /Users/srinivasubezawada/Desktop/nebula3/nebula-insurance-crm --feature F0037","exit_code":0,"artifacts":[],"redactions":[]}
{"schema_version":1,"timestamp":"2026-07-06T00:00:00+05:30","cwd":"nebula-agents","command":"operator approval: approved, use nebula-agent harness strictly","exit_code":0,"artifacts":["planning-mds/operations/evidence/runs/2026-07-06-6e3851ab/gate-decisions.md"],"redactions":[]}
{"schema_version":1,"timestamp":"2026-07-06T00:00:00+05:30","cwd":"nebula-agents","command":"/Users/srinivasubezawada/Desktop/nebula3/nebula-agents/.venv/bin/python agents/product-manager/scripts/validate-trackers.py --product-root /Users/srinivasubezawada/Desktop/nebula3/nebula-insurance-crm --feature F0037","exit_code":0,"artifacts":[],"redactions":[]}
{"schema_version":1,"timestamp":"2026-07-06T00:00:00+05:30","cwd":"{PRODUCT_ROOT}","command":".venv/bin/python ../nebula-agents/agents/product-manager/scripts/validate-stories.py planning-mds/features/F0037-hierarchy-aware-access-scoping-and-distribution-rollups","exit_code":0,"artifacts":[],"redactions":[]}
{"schema_version":1,"timestamp":"2026-07-06T00:00:00+05:30","cwd":"nebula-agents","command":".venv/bin/python agents/scripts/validate_templates.py","exit_code":0,"artifacts":[],"redactions":[]}
{"schema_version":1,"timestamp":"2026-07-06T00:00:00+05:30","cwd":"{PRODUCT_ROOT}","command":".venv/bin/python ../nebula-agents/agents/product-manager/scripts/validate-stories.py planning-mds/features/F0037-hierarchy-aware-access-scoping-and-distribution-rollups","exit_code":0,"artifacts":[],"redactions":[]}
{"schema_version":1,"timestamp":"2026-07-06T00:00:00+05:30","cwd":"{PRODUCT_ROOT}","command":".venv/bin/python ../nebula-agents/agents/product-manager/scripts/generate-story-index.py planning-mds/features/","exit_code":0,"artifacts":["planning-mds/features/STORY-INDEX.md"],"redactions":[]}
{"schema_version":1,"timestamp":"2026-07-06T00:00:00+05:30","cwd":"nebula-agents","command":".venv/bin/python agents/product-manager/scripts/validate-trackers.py --product-root /Users/srinivasubezawada/Desktop/nebula3/nebula-insurance-crm --feature F0037","exit_code":0,"artifacts":[],"redactions":[]}
{"schema_version":1,"timestamp":"2026-07-06T00:00:00+05:30","cwd":"nebula-agents","command":".venv/bin/python agents/scripts/validate_templates.py","exit_code":0,"artifacts":[],"redactions":[]}
{"schema_version":1,"timestamp":"2026-07-06T00:00:00+05:30","cwd":"{PRODUCT_ROOT}","command":".venv/bin/python scripts/kg/validate.py --write-coverage-report","exit_code":0,"artifacts":["planning-mds/knowledge-graph/coverage-report.yaml"],"redactions":[]}
{"schema_version":1,"timestamp":"2026-07-06T00:00:00+05:30","cwd":"{PRODUCT_ROOT}","command":"jq empty planning-mds/schemas/distribution-rollup-report.schema.json","exit_code":0,"artifacts":["planning-mds/schemas/distribution-rollup-report.schema.json"],"redactions":[]}
{"schema_version":1,"timestamp":"2026-07-06T00:00:00+05:30","cwd":"{PRODUCT_ROOT}","command":".venv/bin/python scripts/kg/validate.py","exit_code":0,"artifacts":[],"redactions":[]}
{"schema_version":1,"timestamp":"2026-07-06T00:00:00+05:30","cwd":"{PRODUCT_ROOT}","command":".venv/bin/python scripts/kg/validate.py --check-drift","exit_code":0,"artifacts":[],"redactions":[]}
{"schema_version":1,"timestamp":"2026-07-06T00:00:00+05:30","cwd":"{PRODUCT_ROOT}","command":".venv/bin/python ../nebula-agents/agents/product-manager/scripts/generate-story-index.py planning-mds/features/","exit_code":0,"artifacts":["planning-mds/features/STORY-INDEX.md"],"redactions":[]}
{"schema_version":1,"timestamp":"2026-07-06T00:00:00+05:30","cwd":"nebula-agents","command":"/Users/srinivasubezawada/Desktop/nebula3/nebula-agents/.venv/bin/python agents/product-manager/scripts/validate-trackers.py --product-root /Users/srinivasubezawada/Desktop/nebula3/nebula-insurance-crm --feature F0037","exit_code":0,"artifacts":[],"redactions":[]}
{"schema_version":1,"timestamp":"2026-07-06T00:00:00+05:30","cwd":"{PRODUCT_ROOT}","command":".venv/bin/python scripts/kg/validate.py --write-coverage-report","exit_code":0,"artifacts":["planning-mds/knowledge-graph/coverage-report.yaml"],"redactions":[]}
{"schema_version":1,"timestamp":"2026-07-06T00:00:00+05:30","cwd":"{PRODUCT_ROOT}","command":".venv/bin/python scripts/kg/validate.py","exit_code":0,"artifacts":[],"redactions":[]}
{"schema_version":1,"timestamp":"2026-07-06T00:00:00+05:30","cwd":"{PRODUCT_ROOT}","command":".venv/bin/python scripts/kg/validate.py --check-drift","exit_code":0,"artifacts":[],"redactions":[]}
{"schema_version":1,"timestamp":"2026-07-06T00:00:00+05:30","cwd":"nebula-agents","command":".venv/bin/python agents/scripts/validate_templates.py","exit_code":0,"artifacts":[],"redactions":[]}
