
{"schema_version":1,"timestamp":"2026-07-06T12:51:02+05:30","cwd":"nebula-agents","command":"python3 -c \"import datetime,secrets; print(f'{datetime.date.today().isoformat()}-{secrets.token_hex(4)}')\"","exit_code":0,"artifacts":["planning-mds/operations/evidence/runs/2026-07-06-591bc73a/action-context.md"],"redactions":[]}
{"schema_version":1,"timestamp":"2026-07-06T12:51:02+05:30","cwd":"{PRODUCT_ROOT}","command":"mkdir -p planning-mds/operations/evidence/runs/2026-07-06-591bc73a/artifacts","exit_code":0,"artifacts":["planning-mds/operations/evidence/runs/2026-07-06-591bc73a/README.md"],"redactions":[]}
{"schema_version":1,"timestamp":"2026-07-06T12:51:16+05:30","cwd":"{PRODUCT_ROOT}","command":"python3 scripts/kg/validate.py","exit_code":1,"artifacts":["planning-mds/operations/evidence/runs/2026-07-06-591bc73a/lifecycle-gates.log"],"redactions":[]}
{"schema_version":1,"timestamp":"2026-07-06T12:51:35+05:30","cwd":"{PRODUCT_ROOT}","command":"python3 scripts/kg/validate.py --write-coverage-report","exit_code":0,"artifacts":["planning-mds/knowledge-graph/coverage-report.yaml","planning-mds/operations/evidence/runs/2026-07-06-591bc73a/lifecycle-gates.log"],"redactions":[]}
{"schema_version":1,"timestamp":"2026-07-06T12:51:47+05:30","cwd":"{PRODUCT_ROOT}","command":"python3 scripts/kg/validate.py","exit_code":0,"artifacts":["planning-mds/operations/evidence/runs/2026-07-06-591bc73a/lifecycle-gates.log"],"redactions":[]}
{"schema_version":1,"timestamp":"2026-07-06T12:52:04+05:30","cwd":"nebula-agents","command":"sed -n '1,260p' agents/ROUTER.md","exit_code":0,"artifacts":[],"redactions":[]}
{"schema_version":1,"timestamp":"2026-07-06T12:52:12+05:30","cwd":"nebula-agents","command":"sed -n '1,260p' agents/agent-map.yaml","exit_code":0,"artifacts":[],"redactions":[]}
{"schema_version":1,"timestamp":"2026-07-06T12:52:19+05:30","cwd":"nebula-agents","command":"sed -n '260,520p' agents/agent-map.yaml","exit_code":0,"artifacts":[],"redactions":[]}
{"schema_version":1,"timestamp":"2026-07-06T12:52:29+05:30","cwd":"nebula-agents","command":"sed -n '1,260p' agents/docs/AGENT-USE.md","exit_code":0,"artifacts":[],"redactions":[]}
{"schema_version":1,"timestamp":"2026-07-06T12:52:38+05:30","cwd":"nebula-agents","command":"sed -n '261,560p' agents/docs/AGENT-USE.md","exit_code":0,"artifacts":[],"redactions":[]}
{"schema_version":1,"timestamp":"2026-07-06T12:52:58+05:30","cwd":"nebula-agents","command":"sed -n '1,320p' agents/actions/plan.md","exit_code":0,"artifacts":[],"redactions":[]}
{"schema_version":1,"timestamp":"2026-07-06T12:52:58+05:30","cwd":"nebula-agents","command":"sed -n '321,760p' agents/actions/plan.md","exit_code":0,"artifacts":[],"redactions":[]}
{"schema_version":1,"timestamp":"2026-07-06T12:52:58+05:30","cwd":"nebula-agents","command":"sed -n '761,980p' agents/actions/plan.md","exit_code":0,"artifacts":[],"redactions":[]}
{"schema_version":1,"timestamp":"2026-07-06T12:53:07+05:30","cwd":"{PRODUCT_ROOT}","command":"sed -n '1,180p' planning-mds/features/REGISTRY.md","exit_code":0,"artifacts":["planning-mds/features/REGISTRY.md"],"redactions":[]}
{"schema_version":1,"timestamp":"2026-07-06T12:53:17+05:30","cwd":"{PRODUCT_ROOT}","command":"sed -n '1,140p' planning-mds/features/ROADMAP.md","exit_code":0,"artifacts":["planning-mds/features/ROADMAP.md"],"redactions":[]}
{"schema_version":1,"timestamp":"2026-07-06T12:53:43+05:30","cwd":"{PRODUCT_ROOT}","command":"sed -n '1,260p' planning-mds/BLUEPRINT.md","exit_code":0,"artifacts":["planning-mds/BLUEPRINT.md"],"redactions":[]}
{"schema_version":1,"timestamp":"2026-07-06T12:53:43+05:30","cwd":"{PRODUCT_ROOT}","command":"sed -n '261,560p' planning-mds/BLUEPRINT.md","exit_code":0,"artifacts":["planning-mds/BLUEPRINT.md"],"redactions":[]}
{"schema_version":1,"timestamp":"2026-07-06T12:53:43+05:30","cwd":"{PRODUCT_ROOT}","command":"sed -n '561,820p' planning-mds/BLUEPRINT.md","exit_code":0,"artifacts":["planning-mds/BLUEPRINT.md"],"redactions":[]}
{"schema_version":1,"timestamp":"2026-07-06T12:53:56+05:30","cwd":"{PRODUCT_ROOT}","command":"python3 scripts/kg/lookup.py F0032","exit_code":0,"artifacts":["planning-mds/operations/evidence/runs/2026-07-06-591bc73a/artifact-trace.md"],"redactions":[]}
{"schema_version":1,"timestamp":"2026-07-06T12:54:17+05:30","cwd":"{PRODUCT_ROOT}","command":"sed -n '1,260p' planning-mds/knowledge-graph/solution-ontology.yaml","exit_code":0,"artifacts":["planning-mds/knowledge-graph/solution-ontology.yaml"],"redactions":[]}
{"schema_version":1,"timestamp":"2026-07-06T12:54:17+05:30","cwd":"{PRODUCT_ROOT}","command":"sed -n '1,320p' planning-mds/knowledge-graph/canonical-nodes.yaml","exit_code":0,"artifacts":["planning-mds/knowledge-graph/canonical-nodes.yaml"],"redactions":[]}
{"schema_version":1,"timestamp":"2026-07-06T12:54:17+05:30","cwd":"{PRODUCT_ROOT}","command":"rg -n \"F0032|published-configuration|workflow-sla|adr:016|adr:013|adr:014\" planning-mds/knowledge-graph/feature-mappings.yaml planning-mds/knowledge-graph/code-index.yaml planning-mds/knowledge-graph/coverage-report.yaml","exit_code":0,"artifacts":["planning-mds/knowledge-graph/feature-mappings.yaml","planning-mds/knowledge-graph/code-index.yaml","planning-mds/knowledge-graph/coverage-report.yaml"],"redactions":[]}
{"schema_version":1,"timestamp":"2026-07-06T12:54:56+05:30","cwd":"{PRODUCT_ROOT}","command":"sed -n '1180,1210p' planning-mds/knowledge-graph/feature-mappings.yaml","exit_code":0,"artifacts":["planning-mds/knowledge-graph/feature-mappings.yaml"],"redactions":[]}
{"schema_version":1,"timestamp":"2026-07-06T12:54:56+05:30","cwd":"{PRODUCT_ROOT}","command":"sed -n '620,650p' planning-mds/knowledge-graph/code-index.yaml","exit_code":0,"artifacts":["planning-mds/knowledge-graph/code-index.yaml"],"redactions":[]}
{"schema_version":1,"timestamp":"2026-07-06T12:54:56+05:30","cwd":"{PRODUCT_ROOT}","command":"sed -n '1,220p' planning-mds/features/F0032-admin-configuration-and-reference-data-console/PRD.md","exit_code":0,"artifacts":["planning-mds/features/F0032-admin-configuration-and-reference-data-console/PRD.md"],"redactions":[]}
{"schema_version":1,"timestamp":"2026-07-06T12:54:56+05:30","cwd":"{PRODUCT_ROOT}","command":"sed -n '1,220p' planning-mds/features/F0032-admin-configuration-and-reference-data-console/STATUS.md","exit_code":0,"artifacts":["planning-mds/features/F0032-admin-configuration-and-reference-data-console/STATUS.md"],"redactions":[]}
{"schema_version":1,"timestamp":"2026-07-06T12:54:56+05:30","cwd":"{PRODUCT_ROOT}","command":"sed -n '1,160p' planning-mds/features/F0032-admin-configuration-and-reference-data-console/GETTING-STARTED.md","exit_code":0,"artifacts":["planning-mds/features/F0032-admin-configuration-and-reference-data-console/GETTING-STARTED.md"],"redactions":[]}
{"schema_version":1,"timestamp":"2026-07-06T12:54:56+05:30","cwd":"{PRODUCT_ROOT}","command":"sed -n '1,180p' planning-mds/features/F0032-admin-configuration-and-reference-data-console/README.md","exit_code":0,"artifacts":["planning-mds/features/F0032-admin-configuration-and-reference-data-console/README.md"],"redactions":[]}
{"schema_version":1,"timestamp":"2026-07-06T12:55:22+05:30","cwd":"nebula-agents","command":"sed -n '1,620p' agents/product-manager/SKILL.md","exit_code":0,"artifacts":[],"redactions":[]}
{"schema_version":1,"timestamp":"2026-07-06T12:55:23+05:30","cwd":"nebula-agents","command":"sed -n '1,260p' agents/product-manager/references/vertical-slicing-guide.md","exit_code":0,"artifacts":[],"redactions":[]}
{"schema_version":1,"timestamp":"2026-07-06T12:55:23+05:30","cwd":"nebula-agents","command":"sed -n '1,260p' agents/product-manager/references/pm-best-practices.md","exit_code":0,"artifacts":[],"redactions":[]}
{"schema_version":1,"timestamp":"2026-07-06T12:55:23+05:30","cwd":"nebula-agents","command":"sed -n '1,220p' agents/templates/story-template.md","exit_code":0,"artifacts":[],"redactions":[]}
{"schema_version":1,"timestamp":"2026-07-06T12:55:23+05:30","cwd":"nebula-agents","command":"sed -n '1,260p' agents/product-manager/references/feature-examples.md","exit_code":0,"artifacts":[],"redactions":[]}
{"schema_version":1,"timestamp":"2026-07-06T12:55:23+05:30","cwd":"nebula-agents","command":"sed -n '1,260p' agents/product-manager/references/story-examples.md","exit_code":0,"artifacts":[],"redactions":[]}
{"schema_version":1,"timestamp":"2026-07-06T12:55:57+05:30","cwd":"{PRODUCT_ROOT}","command":"sed -n '1,180p' planning-mds/features/archive/F0023-global-search-saved-views-and-operational-reporting/PRD.md","exit_code":0,"artifacts":["planning-mds/features/archive/F0023-global-search-saved-views-and-operational-reporting/PRD.md"],"redactions":[]}
{"schema_version":1,"timestamp":"2026-07-06T12:55:57+05:30","cwd":"{PRODUCT_ROOT}","command":"sed -n '1,220p' planning-mds/features/archive/F0022-work-queues-assignment-rules-and-coverage-management/PRD.md","exit_code":0,"artifacts":["planning-mds/features/archive/F0022-work-queues-assignment-rules-and-coverage-management/PRD.md"],"redactions":[]}
{"schema_version":1,"timestamp":"2026-07-06T12:55:57+05:30","cwd":"{PRODUCT_ROOT}","command":"sed -n '1,240p' planning-mds/architecture/decisions/ADR-016-published-operational-configuration-governance.md","exit_code":0,"artifacts":["planning-mds/architecture/decisions/ADR-016-published-operational-configuration-governance.md"],"redactions":[]}
{"schema_version":1,"timestamp":"2026-07-06T12:55:57+05:30","cwd":"{PRODUCT_ROOT}","command":"sed -n '1,220p' planning-mds/architecture/decisions/ADR-013-operational-routing-and-queue-engine.md","exit_code":0,"artifacts":["planning-mds/architecture/decisions/ADR-013-operational-routing-and-queue-engine.md"],"redactions":[]}
{"schema_version":1,"timestamp":"2026-07-06T12:55:57+05:30","cwd":"{PRODUCT_ROOT}","command":"sed -n '1,180p' planning-mds/features/archive/F0027-coi-acord-and-outbound-document-generation/PRD.md","exit_code":0,"artifacts":["planning-mds/features/archive/F0027-coi-acord-and-outbound-document-generation/PRD.md"],"redactions":[]}
{"schema_version":1,"timestamp":"2026-07-06T12:55:57+05:30","cwd":"{PRODUCT_ROOT}","command":"sed -n '1,180p' planning-mds/features/archive/F0034-product-schema-registry-and-dynamic-lob-attributes/PRD.md","exit_code":0,"artifacts":["planning-mds/features/archive/F0034-product-schema-registry-and-dynamic-lob-attributes/PRD.md"],"redactions":[]}
{"schema_version":1,"timestamp":"2026-07-06T12:56:23+05:30","cwd":"{PRODUCT_ROOT}","command":"sed -n '1,220p' planning-mds/architecture/decisions/ADR-014-search-index-and-saved-view-architecture.md","exit_code":0,"artifacts":["planning-mds/architecture/decisions/ADR-014-search-index-and-saved-view-architecture.md"],"redactions":[]}
{"schema_version":1,"timestamp":"2026-07-06T12:56:23+05:30","cwd":"{PRODUCT_ROOT}","command":"sed -n '1,220p' planning-mds/architecture/decisions/ADR-014-workflow-sla-threshold-per-lob-extension.md","exit_code":0,"artifacts":["planning-mds/architecture/decisions/ADR-014-workflow-sla-threshold-per-lob-extension.md"],"redactions":[]}
{"schema_version":1,"timestamp":"2026-07-06T12:56:23+05:30","cwd":"{PRODUCT_ROOT}","command":"sed -n '1,220p' planning-mds/architecture/data-model.md","exit_code":0,"artifacts":["planning-mds/architecture/data-model.md"],"redactions":[]}
{"schema_version":1,"timestamp":"2026-07-06T12:56:23+05:30","cwd":"{PRODUCT_ROOT}","command":"sed -n '1,220p' planning-mds/features/TRACKER-GOVERNANCE.md","exit_code":0,"artifacts":["planning-mds/features/TRACKER-GOVERNANCE.md"],"redactions":[]}
{"schema_version":1,"timestamp":"2026-07-06T13:00:19+05:30","cwd":"nebula-agents","command":"python3 agents/product-manager/scripts/validate-stories.py /Users/wallstreet123/Desktop/nebula-workspace-2/nebula-insurance-crm/planning-mds/features/F0032-admin-configuration-and-reference-data-console","exit_code":1,"artifacts":["planning-mds/operations/evidence/runs/2026-07-06-591bc73a/lifecycle-gates.log"],"redactions":[]}
{"schema_version":1,"timestamp":"2026-07-06T13:00:55+05:30","cwd":"nebula-agents","command":"rg -n \"audit|timeline|data mutation\" agents/product-manager/scripts/validate-stories.py","exit_code":0,"artifacts":[],"redactions":[]}
{"schema_version":1,"timestamp":"2026-07-06T13:01:01+05:30","cwd":"nebula-agents","command":"python3 agents/product-manager/scripts/validate-stories.py /Users/wallstreet123/Desktop/nebula-workspace-2/nebula-insurance-crm/planning-mds/features/F0032-admin-configuration-and-reference-data-console","exit_code":0,"artifacts":["planning-mds/operations/evidence/runs/2026-07-06-591bc73a/lifecycle-gates.log"],"redactions":[]}
{"schema_version":1,"timestamp":"2026-07-06T13:01:22+05:30","cwd":"nebula-agents","command":"python3 agents/product-manager/scripts/validate-stories.py /Users/wallstreet123/Desktop/nebula-workspace-2/nebula-insurance-crm/planning-mds/features/F0032-admin-configuration-and-reference-data-console","exit_code":0,"artifacts":["planning-mds/operations/evidence/runs/2026-07-06-591bc73a/lifecycle-gates.log"],"redactions":[]}
{"schema_version":1,"timestamp":"2026-07-06T13:01:42+05:30","cwd":"{PRODUCT_ROOT}","command":"rg -n \"TODO|TBD|should|might|probably|usually|generally|easy|simple|intuitive|user-friendly|fast|quick|slow|performant|responsive|display or capture|view or edit\" planning-mds/features/F0032-admin-configuration-and-reference-data-console","exit_code":0,"artifacts":["planning-mds/operations/evidence/runs/2026-07-06-591bc73a/gate-decisions.md"],"redactions":[]}
{"schema_version":1,"timestamp":"2026-07-06T13:02:04+05:30","cwd":"{PRODUCT_ROOT}","command":"rg -n \"TODO|TBD|should|might|probably|usually|generally|easy|simple|intuitive|user-friendly|fast|quick|slow|performant|responsive|display or capture|view or edit\" planning-mds/features/F0032-admin-configuration-and-reference-data-console","exit_code":1,"artifacts":["planning-mds/operations/evidence/runs/2026-07-06-591bc73a/gate-decisions.md"],"redactions":[]}
{"schema_version":1,"timestamp":"2026-07-06T13:02:21+05:30","cwd":"nebula-agents","command":"python3 agents/product-manager/scripts/generate-story-index.py /Users/wallstreet123/Desktop/nebula-workspace-2/nebula-insurance-crm/planning-mds/features/","exit_code":0,"artifacts":["planning-mds/features/STORY-INDEX.md","planning-mds/operations/evidence/runs/2026-07-06-591bc73a/lifecycle-gates.log"],"redactions":[]}
{"schema_version":1,"timestamp":"2026-07-06T13:02:31+05:30","cwd":"nebula-agents","command":"python3 agents/product-manager/scripts/validate-stories.py /Users/wallstreet123/Desktop/nebula-workspace-2/nebula-insurance-crm/planning-mds/features/F0032-admin-configuration-and-reference-data-console","exit_code":0,"artifacts":["planning-mds/operations/evidence/runs/2026-07-06-591bc73a/lifecycle-gates.log"],"redactions":[]}
{"schema_version":1,"timestamp":"2026-07-06T13:02:43+05:30","cwd":"nebula-agents","command":"python3 agents/product-manager/scripts/validate-trackers.py --product-root /Users/wallstreet123/Desktop/nebula-workspace-2/nebula-insurance-crm --skip-feature-evidence","exit_code":0,"artifacts":["planning-mds/features/STORY-INDEX.md","planning-mds/operations/evidence/runs/2026-07-06-591bc73a/lifecycle-gates.log"],"redactions":[]}
{"schema_version":1,"timestamp":"2026-07-06T13:02:59+05:30","cwd":"{PRODUCT_ROOT}","command":"python3 scripts/kg/validate.py","exit_code":1,"artifacts":["planning-mds/operations/evidence/runs/2026-07-06-591bc73a/lifecycle-gates.log"],"redactions":[]}
{"schema_version":1,"timestamp":"2026-07-06T13:03:17+05:30","cwd":"{PRODUCT_ROOT}","command":"python3 scripts/kg/validate.py --write-coverage-report","exit_code":0,"artifacts":["planning-mds/knowledge-graph/coverage-report.yaml","planning-mds/operations/evidence/runs/2026-07-06-591bc73a/lifecycle-gates.log"],"redactions":[]}
{"schema_version":1,"timestamp":"2026-07-06T13:03:33+05:30","cwd":"{PRODUCT_ROOT}","command":"python3 scripts/kg/validate.py","exit_code":0,"artifacts":["planning-mds/operations/evidence/runs/2026-07-06-591bc73a/lifecycle-gates.log"],"redactions":[]}
{"schema_version":1,"timestamp":"2026-07-06T13:05:11+05:30","cwd":"{PRODUCT_ROOT}","command":"git status --short","exit_code":0,"artifacts":[],"redactions":[]}
{"schema_version":1,"timestamp":"2026-07-06T13:18:03+05:30","cwd":"{PRODUCT_ROOT}","command":"python3 ../nebula-agents/agents/product-manager/scripts/validate-stories.py planning-mds/features/F0032-admin-configuration-and-reference-data-console","exit_code":0,"artifacts":[],"redactions":[]}
{"schema_version":1,"timestamp":"2026-07-06T13:18:03+05:30","cwd":"{PRODUCT_ROOT}","command":"python3 scripts/kg/validate.py --write-coverage-report","exit_code":0,"artifacts":[],"redactions":[]}
{"schema_version":1,"timestamp":"2026-07-06T13:18:03+05:30","cwd":"{PRODUCT_ROOT}","command":"python3 ../nebula-agents/agents/product-manager/scripts/validate-trackers.py --product-root /Users/wallstreet123/Desktop/nebula-workspace-2/nebula-insurance-crm --skip-feature-evidence","exit_code":0,"artifacts":[],"redactions":[]}
{"schema_version":1,"timestamp":"2026-07-06T13:18:03+05:30","cwd":"{PRODUCT_ROOT}","command":"python3 ../nebula-agents/agents/product-manager/scripts/generate-story-index.py planning-mds/features/","exit_code":0,"artifacts":[],"redactions":[]}
{"schema_version":1,"timestamp":"2026-07-06T13:18:16+05:30","cwd":"{PRODUCT_ROOT}","command":"python3 scripts/kg/validate.py","exit_code":0,"artifacts":[],"redactions":[]}
{"schema_version":1,"timestamp":"2026-07-06T13:18:16+05:30","cwd":"nebula-agents","command":"python3 agents/scripts/validate_templates.py","exit_code":0,"artifacts":[],"redactions":[]}
{"schema_version":1,"timestamp":"2026-07-06T13:18:16+05:30","cwd":"{PRODUCT_ROOT}","command":"python3 scripts/kg/validate.py --check-drift","exit_code":0,"artifacts":[],"redactions":[]}
{"schema_version":1,"timestamp":"2026-07-06T13:18:16+05:30","cwd":"{PRODUCT_ROOT}","command":"python3 -c import yaml pathlib yaml.safe_load planning-mds/api/nebula-api.yaml","exit_code":0,"artifacts":[],"redactions":[]}
{"schema_version":1,"timestamp":"2026-07-06T13:18:55+05:30","cwd":"{PRODUCT_ROOT}","command":"git diff --check","exit_code":0,"artifacts":[],"redactions":[]}
{"schema_version":1,"timestamp":"2026-07-06T13:18:55+05:30","cwd":"{PRODUCT_ROOT}","command":"git status --short","exit_code":0,"artifacts":[],"redactions":[]}
{"schema_version":1,"timestamp":"2026-07-06T13:20:05+05:30","cwd":"{PRODUCT_ROOT}","command":"python3 ../nebula-agents/agents/product-manager/scripts/validate-trackers.py --product-root /Users/wallstreet123/Desktop/nebula-workspace-2/nebula-insurance-crm --skip-feature-evidence","exit_code":0,"artifacts":[],"redactions":[]}
{"schema_version":1,"timestamp":"2026-07-06T13:20:05+05:30","cwd":"{PRODUCT_ROOT}","command":"git diff --check","exit_code":0,"artifacts":[],"redactions":[]}
