2026-07-06 G1 CLARIFICATION: Passed.
- No stakeholder clarification questions block Phase A.
- First-release domains are scoped to F0022 queue/routing governance, workflow SLA thresholds, F0023 saved-view/report defaults, and F0027 template metadata.
- Ambiguity scan passed after cleanup.

2026-07-06 G2 TRACKER SYNC (A): Passed.
- `generate-story-index.py`: PASS, 201 story files indexed.
- `validate-stories.py F0032`: PASS, 6/6 stories valid.
- `validate-trackers.py --skip-feature-evidence`: PASS, 0 errors, 0 warnings.
- `scripts/kg/validate.py`: PASS after refreshing `coverage-report.yaml`.

2026-07-06 G3 PHASE A APPROVAL: Initially pending.
- Phase B architecture work was blocked until explicit user approval was received.

2026-07-06 G3 PHASE A APPROVAL: Approved.
- User approved Phase A with explicit token `approve Phase A`.

2026-07-06 G4 ONTOLOGY SYNC (B): Passed.
- Phase B architecture artifacts, KG canonical nodes, feature/story mappings, schemas, endpoints, policy rules, and code-index bindings are synchronized.
- KG validation, drift check, tracker validation, story validation, template validation, JSON schema parsing, and OpenAPI YAML parsing passed.

2026-07-06 G5 PHASE B APPROVAL: Pending.
- Plan is stopped pending explicit user approval of Phase B architecture.

2026-07-06 G5 PHASE B APPROVAL: Approved.
- User approved Phase B with explicit token `approve Phase B`.
- Plan action complete; F0032 is ready for the later feature/build action.
